mode: set
github.com/sharedcode/joltrin/ai/memory/digest.go:31.150,32.15 1 1
github.com/sharedcode/joltrin/ai/memory/digest.go:32.15,34.3 1 0
github.com/sharedcode/joltrin/ai/memory/digest.go:36.2,37.23 2 1
github.com/sharedcode/joltrin/ai/memory/digest.go:37.23,39.3 1 0
github.com/sharedcode/joltrin/ai/memory/digest.go:41.2,42.24 2 1
github.com/sharedcode/joltrin/ai/memory/digest.go:42.24,44.3 1 0
github.com/sharedcode/joltrin/ai/memory/digest.go:45.2,46.21 2 1
github.com/sharedcode/joltrin/ai/memory/digest.go:46.21,48.3 1 0
github.com/sharedcode/joltrin/ai/memory/digest.go:49.2,50.19 2 1
github.com/sharedcode/joltrin/ai/memory/digest.go:50.19,52.3 1 0
github.com/sharedcode/joltrin/ai/memory/digest.go:54.2,55.32 2 1
github.com/sharedcode/joltrin/ai/memory/digest.go:55.32,57.22 2 1
github.com/sharedcode/joltrin/ai/memory/digest.go:57.22,59.35 2 1
github.com/sharedcode/joltrin/ai/memory/digest.go:59.35,60.31 1 1
github.com/sharedcode/joltrin/ai/memory/digest.go:60.31,62.41 2 1
github.com/sharedcode/joltrin/ai/memory/digest.go:62.41,64.7 1 1
github.com/sharedcode/joltrin/ai/memory/digest.go:67.5,68.29 2 1
github.com/sharedcode/joltrin/ai/memory/digest.go:68.29,73.6 1 1
github.com/sharedcode/joltrin/ai/memory/digest.go:75.5,75.39 1 1
github.com/sharedcode/joltrin/ai/memory/digest.go:75.39,77.20 2 1
github.com/sharedcode/joltrin/ai/memory/digest.go:77.20,79.7 1 0
github.com/sharedcode/joltrin/ai/memory/digest.go:80.6,85.20 2 1
github.com/sharedcode/joltrin/ai/memory/digest.go:85.20,87.7 1 0
github.com/sharedcode/joltrin/ai/memory/digest.go:88.6,88.25 1 1
github.com/sharedcode/joltrin/ai/memory/digest.go:88.25,89.15 1 1
github.com/sharedcode/joltrin/ai/memory/digest.go:91.6,91.35 1 1
github.com/sharedcode/joltrin/ai/memory/digest.go:91.35,93.31 2 1
github.com/sharedcode/joltrin/ai/memory/digest.go:93.31,94.16 1 0
github.com/sharedcode/joltrin/ai/memory/digest.go:96.7,103.9 1 1
github.com/sharedcode/joltrin/ai/memory/digest.go:109.3,109.26 1 1
github.com/sharedcode/joltrin/ai/memory/digest.go:109.26,114.18 2 1
github.com/sharedcode/joltrin/ai/memory/digest.go:114.18,116.5 1 0
github.com/sharedcode/joltrin/ai/memory/digest.go:117.4,117.23 1 1
github.com/sharedcode/joltrin/ai/memory/digest.go:117.23,118.13 1 0
github.com/sharedcode/joltrin/ai/memory/digest.go:120.4,120.33 1 1
github.com/sharedcode/joltrin/ai/memory/digest.go:120.33,129.5 1 1
github.com/sharedcode/joltrin/ai/memory/digest.go:133.2,134.29 2 1
github.com/sharedcode/joltrin/ai/memory/digest.go:134.29,135.40 1 1
github.com/sharedcode/joltrin/ai/memory/digest.go:135.40,136.12 1 0
github.com/sharedcode/joltrin/ai/memory/digest.go:138.3,138.33 1 1
github.com/sharedcode/joltrin/ai/memory/digest.go:141.2,141.48 1 1
github.com/sharedcode/joltrin/ai/memory/digest.go:141.48,142.43 1 0
github.com/sharedcode/joltrin/ai/memory/digest.go:142.43,144.4 1 0
github.com/sharedcode/joltrin/ai/memory/digest.go:145.3,145.49 1 0
github.com/sharedcode/joltrin/ai/memory/digest.go:145.49,147.4 1 0
github.com/sharedcode/joltrin/ai/memory/digest.go:148.3,148.43 1 0
github.com/sharedcode/joltrin/ai/memory/digest.go:151.2,151.31 1 1
github.com/sharedcode/joltrin/ai/memory/digest.go:151.31,153.3 1 0
github.com/sharedcode/joltrin/ai/memory/digest.go:155.2,155.21 1 1
github.com/sharedcode/joltrin/ai/memory/digest.go:158.56,159.23 1 1
github.com/sharedcode/joltrin/ai/memory/digest.go:159.23,161.3 1 0
github.com/sharedcode/joltrin/ai/memory/digest.go:162.2,164.32 3 1
github.com/sharedcode/joltrin/ai/memory/digest.go:164.32,166.18 2 1
github.com/sharedcode/joltrin/ai/memory/digest.go:166.18,167.12 1 0
github.com/sharedcode/joltrin/ai/memory/digest.go:169.3,170.16 2 1
github.com/sharedcode/joltrin/ai/memory/digest.go:170.16,171.12 1 1
github.com/sharedcode/joltrin/ai/memory/digest.go:173.3,174.41 2 1
github.com/sharedcode/joltrin/ai/memory/digest.go:176.2,176.19 1 1
github.com/sharedcode/joltrin/ai/memory/digest.go:179.69,181.16 2 1
github.com/sharedcode/joltrin/ai/memory/digest.go:181.16,183.3 1 0
github.com/sharedcode/joltrin/ai/memory/digest.go:184.2,185.15 2 1
github.com/sharedcode/joltrin/ai/memory/digest.go:185.15,187.3 1 1
github.com/sharedcode/joltrin/ai/memory/digest.go:188.2,188.68 1 1
github.com/sharedcode/joltrin/ai/memory/digest.go:188.68,191.3 2 1
github.com/sharedcode/joltrin/ai/memory/digest.go:194.56,195.18 1 1
github.com/sharedcode/joltrin/ai/memory/digest.go:195.18,197.3 1 0
github.com/sharedcode/joltrin/ai/memory/digest.go:198.2,198.27 1 1
github.com/sharedcode/joltrin/ai/memory/digest.go:201.55,202.20 1 1
github.com/sharedcode/joltrin/ai/memory/digest.go:202.20,204.3 1 0
github.com/sharedcode/joltrin/ai/memory/digest.go:205.2,205.99 1 1
github.com/sharedcode/joltrin/ai/memory/digest.go:205.99,206.79 1 1
github.com/sharedcode/joltrin/ai/memory/digest.go:206.79,208.4 1 1
github.com/sharedcode/joltrin/ai/memory/digest.go:210.2,210.35 1 0
github.com/sharedcode/joltrin/ai/memory/digest.go:213.59,214.20 1 1
github.com/sharedcode/joltrin/ai/memory/digest.go:214.20,216.3 1 0
github.com/sharedcode/joltrin/ai/memory/digest.go:217.2,217.70 1 1
github.com/sharedcode/joltrin/ai/memory/digest.go:217.70,218.46 1 1
github.com/sharedcode/joltrin/ai/memory/digest.go:218.46,220.4 1 0
github.com/sharedcode/joltrin/ai/memory/digest.go:222.2,222.11 1 1
github.com/sharedcode/joltrin/ai/memory/knowledge_base.go:38.43,40.2 1 0
github.com/sharedcode/joltrin/ai/memory/knowledge_base.go:45.64,46.15 1 0
github.com/sharedcode/joltrin/ai/memory/knowledge_base.go:46.15,48.3 1 0
github.com/sharedcode/joltrin/ai/memory/knowledge_base.go:52.62,53.40 1 0
github.com/sharedcode/joltrin/ai/memory/knowledge_base.go:53.40,55.3 1 0
github.com/sharedcode/joltrin/ai/memory/knowledge_base.go:56.2,56.16 1 0
github.com/sharedcode/joltrin/ai/memory/knowledge_base.go:56.16,58.3 1 0
github.com/sharedcode/joltrin/ai/memory/knowledge_base.go:59.2,61.12 3 0
github.com/sharedcode/joltrin/ai/memory/knowledge_base.go:64.53,67.27 3 1
github.com/sharedcode/joltrin/ai/memory/knowledge_base.go:67.27,68.35 1 1
github.com/sharedcode/joltrin/ai/memory/knowledge_base.go:68.35,69.12 1 0
github.com/sharedcode/joltrin/ai/memory/knowledge_base.go:71.3,71.32 1 1
github.com/sharedcode/joltrin/ai/memory/knowledge_base.go:71.32,72.12 1 1
github.com/sharedcode/joltrin/ai/memory/knowledge_base.go:74.3,75.31 2 1
github.com/sharedcode/joltrin/ai/memory/knowledge_base.go:77.2,77.15 1 1
github.com/sharedcode/joltrin/ai/memory/knowledge_base.go:81.103,82.35 1 1
github.com/sharedcode/joltrin/ai/memory/knowledge_base.go:82.35,84.3 1 0
github.com/sharedcode/joltrin/ai/memory/knowledge_base.go:87.2,88.16 2 1
github.com/sharedcode/joltrin/ai/memory/knowledge_base.go:88.16,90.3 1 0
github.com/sharedcode/joltrin/ai/memory/knowledge_base.go:91.2,92.16 2 1
github.com/sharedcode/joltrin/ai/memory/knowledge_base.go:92.16,94.3 1 0
github.com/sharedcode/joltrin/ai/memory/knowledge_base.go:95.2,95.11 1 1
github.com/sharedcode/joltrin/ai/memory/knowledge_base.go:95.11,97.17 2 1
github.com/sharedcode/joltrin/ai/memory/knowledge_base.go:97.17,99.4 1 0
github.com/sharedcode/joltrin/ai/memory/knowledge_base.go:100.3,101.17 2 1
github.com/sharedcode/joltrin/ai/memory/knowledge_base.go:101.17,103.4 1 0
github.com/sharedcode/joltrin/ai/memory/knowledge_base.go:104.3,105.17 2 1
github.com/sharedcode/joltrin/ai/memory/knowledge_base.go:105.17,107.4 1 0
github.com/sharedcode/joltrin/ai/memory/knowledge_base.go:108.3,108.15 1 1
github.com/sharedcode/joltrin/ai/memory/knowledge_base.go:108.15,110.51 2 1
github.com/sharedcode/joltrin/ai/memory/knowledge_base.go:110.51,112.5 1 1
github.com/sharedcode/joltrin/ai/memory/knowledge_base.go:118.2,118.53 1 1
github.com/sharedcode/joltrin/ai/memory/knowledge_base.go:118.53,120.17 2 1
github.com/sharedcode/joltrin/ai/memory/knowledge_base.go:120.17,122.4 1 0
github.com/sharedcode/joltrin/ai/memory/knowledge_base.go:123.3,124.17 2 1
github.com/sharedcode/joltrin/ai/memory/knowledge_base.go:124.17,125.92 1 0
github.com/sharedcode/joltrin/ai/memory/knowledge_base.go:125.92,127.5 1 0
github.com/sharedcode/joltrin/ai/memory/knowledge_base.go:128.4,128.19 1 0
github.com/sharedcode/joltrin/ai/memory/knowledge_base.go:130.3,130.19 1 1
github.com/sharedcode/joltrin/ai/memory/knowledge_base.go:133.2,133.17 1 0
github.com/sharedcode/joltrin/ai/memory/knowledge_base.go:136.49,183.39 4 1
github.com/sharedcode/joltrin/ai/memory/knowledge_base.go:183.39,184.10 1 1
github.com/sharedcode/joltrin/ai/memory/knowledge_base.go:185.33,186.26 1 0
github.com/sharedcode/joltrin/ai/memory/knowledge_base.go:187.33,188.26 1 1
github.com/sharedcode/joltrin/ai/memory/knowledge_base.go:189.33,190.26 1 0
github.com/sharedcode/joltrin/ai/memory/knowledge_base.go:191.72,192.12 1 1
github.com/sharedcode/joltrin/ai/memory/knowledge_base.go:193.11,194.14 1 1
github.com/sharedcode/joltrin/ai/memory/knowledge_base.go:197.2,198.13 2 1
github.com/sharedcode/joltrin/ai/memory/knowledge_base.go:201.36,203.2 1 1
github.com/sharedcode/joltrin/ai/memory/knowledge_base.go:205.106,207.2 1 1
github.com/sharedcode/joltrin/ai/memory/knowledge_base.go:209.108,211.79 2 1
github.com/sharedcode/joltrin/ai/memory/knowledge_base.go:211.79,213.3 1 0
github.com/sharedcode/joltrin/ai/memory/knowledge_base.go:214.2,214.79 1 1
github.com/sharedcode/joltrin/ai/memory/knowledge_base.go:214.79,216.3 1 0
github.com/sharedcode/joltrin/ai/memory/knowledge_base.go:218.2,219.29 2 1
github.com/sharedcode/joltrin/ai/memory/knowledge_base.go:219.29,221.22 2 1
github.com/sharedcode/joltrin/ai/memory/knowledge_base.go:221.22,223.4 1 1
github.com/sharedcode/joltrin/ai/memory/knowledge_base.go:225.2,225.26 1 1
github.com/sharedcode/joltrin/ai/memory/knowledge_base.go:225.26,227.3 1 0
github.com/sharedcode/joltrin/ai/memory/knowledge_base.go:229.2,230.16 2 1
github.com/sharedcode/joltrin/ai/memory/knowledge_base.go:230.16,232.3 1 0
github.com/sharedcode/joltrin/ai/memory/knowledge_base.go:233.2,233.18 1 1
github.com/sharedcode/joltrin/ai/memory/knowledge_base.go:237.122,238.35 1 1
github.com/sharedcode/joltrin/ai/memory/knowledge_base.go:238.35,240.3 1 0
github.com/sharedcode/joltrin/ai/memory/knowledge_base.go:243.2,245.9 1 1
github.com/sharedcode/joltrin/ai/memory/knowledge_base.go:245.9,247.3 1 1
github.com/sharedcode/joltrin/ai/memory/knowledge_base.go:249.2,249.17 1 0
github.com/sharedcode/joltrin/ai/memory/knowledge_base.go:252.77,256.82 3 0
github.com/sharedcode/joltrin/ai/memory/knowledge_base.go:256.82,258.23 2 0
github.com/sharedcode/joltrin/ai/memory/knowledge_base.go:258.23,260.4 1 0
github.com/sharedcode/joltrin/ai/memory/knowledge_base.go:261.3,261.29 1 0
github.com/sharedcode/joltrin/ai/memory/knowledge_base.go:261.29,262.12 1 0
github.com/sharedcode/joltrin/ai/memory/knowledge_base.go:264.3,265.31 2 0
github.com/sharedcode/joltrin/ai/memory/knowledge_base.go:267.2,267.15 1 0
github.com/sharedcode/joltrin/ai/memory/knowledge_base.go:270.64,271.17 1 1
github.com/sharedcode/joltrin/ai/memory/knowledge_base.go:271.17,273.3 1 0
github.com/sharedcode/joltrin/ai/memory/knowledge_base.go:274.2,274.105 1 1
github.com/sharedcode/joltrin/ai/memory/knowledge_base.go:284.109,285.24 1 1
github.com/sharedcode/joltrin/ai/memory/knowledge_base.go:285.24,287.3 1 0
github.com/sharedcode/joltrin/ai/memory/knowledge_base.go:289.2,290.31 2 1
github.com/sharedcode/joltrin/ai/memory/knowledge_base.go:290.31,294.48 2 1
github.com/sharedcode/joltrin/ai/memory/knowledge_base.go:294.48,296.18 2 1
github.com/sharedcode/joltrin/ai/memory/knowledge_base.go:296.18,298.5 1 0
github.com/sharedcode/joltrin/ai/memory/knowledge_base.go:299.4,299.21 1 1
github.com/sharedcode/joltrin/ai/memory/knowledge_base.go:299.21,301.5 1 1
github.com/sharedcode/joltrin/ai/memory/knowledge_base.go:305.3,305.64 1 1
github.com/sharedcode/joltrin/ai/memory/knowledge_base.go:305.64,307.55 1 1
github.com/sharedcode/joltrin/ai/memory/knowledge_base.go:307.55,309.36 2 1
github.com/sharedcode/joltrin/ai/memory/knowledge_base.go:309.36,311.34 2 1
github.com/sharedcode/joltrin/ai/memory/knowledge_base.go:311.34,313.7 1 1
github.com/sharedcode/joltrin/ai/memory/knowledge_base.go:318.4,319.39 2 1
github.com/sharedcode/joltrin/ai/memory/knowledge_base.go:319.39,321.5 1 1
github.com/sharedcode/joltrin/ai/memory/knowledge_base.go:325.3,325.27 1 1
github.com/sharedcode/joltrin/ai/memory/knowledge_base.go:325.27,326.12 1 1
github.com/sharedcode/joltrin/ai/memory/knowledge_base.go:330.3,331.116 2 1
github.com/sharedcode/joltrin/ai/memory/knowledge_base.go:331.116,333.35 2 1
github.com/sharedcode/joltrin/ai/memory/knowledge_base.go:333.35,335.5 1 1
github.com/sharedcode/joltrin/ai/memory/knowledge_base.go:338.3,341.34 3 1
github.com/sharedcode/joltrin/ai/memory/knowledge_base.go:341.34,348.18 3 1
github.com/sharedcode/joltrin/ai/memory/knowledge_base.go:348.18,350.5 1 0
github.com/sharedcode/joltrin/ai/memory/knowledge_base.go:352.4,352.25 1 1
github.com/sharedcode/joltrin/ai/memory/knowledge_base.go:352.25,353.13 1 0
github.com/sharedcode/joltrin/ai/memory/knowledge_base.go:357.4,357.57 1 1
github.com/sharedcode/joltrin/ai/memory/knowledge_base.go:357.57,361.28 2 1
github.com/sharedcode/joltrin/ai/memory/knowledge_base.go:361.28,363.6 1 1
github.com/sharedcode/joltrin/ai/memory/knowledge_base.go:366.4,366.35 1 1
github.com/sharedcode/joltrin/ai/memory/knowledge_base.go:370.3,370.20 1 1
github.com/sharedcode/joltrin/ai/memory/knowledge_base.go:370.20,371.41 1 1
github.com/sharedcode/joltrin/ai/memory/knowledge_base.go:371.41,373.5 1 1
github.com/sharedcode/joltrin/ai/memory/knowledge_base.go:377.3,377.20 1 1
github.com/sharedcode/joltrin/ai/memory/knowledge_base.go:377.20,379.4 1 1
github.com/sharedcode/joltrin/ai/memory/knowledge_base.go:381.2,381.21 1 1
github.com/sharedcode/joltrin/ai/memory/knowledge_base.go:397.110,398.24 1 1
github.com/sharedcode/joltrin/ai/memory/knowledge_base.go:398.24,400.3 1 0
github.com/sharedcode/joltrin/ai/memory/knowledge_base.go:403.2,403.35 1 1
github.com/sharedcode/joltrin/ai/memory/knowledge_base.go:403.35,404.33 1 1
github.com/sharedcode/joltrin/ai/memory/knowledge_base.go:404.33,405.12 1 1
github.com/sharedcode/joltrin/ai/memory/knowledge_base.go:408.3,409.48 2 0
github.com/sharedcode/joltrin/ai/memory/knowledge_base.go:409.48,411.4 1 0
github.com/sharedcode/joltrin/ai/memory/knowledge_base.go:411.9,414.4 2 0
github.com/sharedcode/joltrin/ai/memory/knowledge_base.go:416.3,417.33 2 0
github.com/sharedcode/joltrin/ai/memory/knowledge_base.go:417.33,419.4 1 0
github.com/sharedcode/joltrin/ai/memory/knowledge_base.go:419.9,421.4 1 0
github.com/sharedcode/joltrin/ai/memory/knowledge_base.go:424.2,428.35 3 1
github.com/sharedcode/joltrin/ai/memory/knowledge_base.go:428.35,429.33 1 1
github.com/sharedcode/joltrin/ai/memory/knowledge_base.go:429.33,430.12 1 1
github.com/sharedcode/joltrin/ai/memory/knowledge_base.go:433.3,434.65 2 1
github.com/sharedcode/joltrin/ai/memory/knowledge_base.go:434.65,436.74 2 0
github.com/sharedcode/joltrin/ai/memory/knowledge_base.go:436.74,439.5 2 0
github.com/sharedcode/joltrin/ai/memory/knowledge_base.go:442.3,442.25 1 1
github.com/sharedcode/joltrin/ai/memory/knowledge_base.go:442.25,446.40 3 1
github.com/sharedcode/joltrin/ai/memory/knowledge_base.go:446.40,448.5 1 1
github.com/sharedcode/joltrin/ai/memory/knowledge_base.go:449.4,449.75 1 1
github.com/sharedcode/joltrin/ai/memory/knowledge_base.go:454.2,454.33 1 1
github.com/sharedcode/joltrin/ai/memory/knowledge_base.go:454.33,456.17 2 1
github.com/sharedcode/joltrin/ai/memory/knowledge_base.go:456.17,458.4 1 1
github.com/sharedcode/joltrin/ai/memory/knowledge_base.go:461.3,461.46 1 1
github.com/sharedcode/joltrin/ai/memory/knowledge_base.go:461.46,463.4 1 1
github.com/sharedcode/joltrin/ai/memory/knowledge_base.go:467.2,477.35 5 1
github.com/sharedcode/joltrin/ai/memory/knowledge_base.go:477.35,478.33 1 1
github.com/sharedcode/joltrin/ai/memory/knowledge_base.go:478.33,481.4 2 1
github.com/sharedcode/joltrin/ai/memory/knowledge_base.go:485.2,486.88 2 1
github.com/sharedcode/joltrin/ai/memory/knowledge_base.go:486.88,488.17 2 1
github.com/sharedcode/joltrin/ai/memory/knowledge_base.go:488.17,490.4 1 1
github.com/sharedcode/joltrin/ai/memory/knowledge_base.go:494.2,496.46 3 1
github.com/sharedcode/joltrin/ai/memory/knowledge_base.go:496.46,498.56 2 1
github.com/sharedcode/joltrin/ai/memory/knowledge_base.go:498.56,501.4 2 1
github.com/sharedcode/joltrin/ai/memory/knowledge_base.go:504.2,504.35 1 1
github.com/sharedcode/joltrin/ai/memory/knowledge_base.go:504.35,506.14 2 1
github.com/sharedcode/joltrin/ai/memory/knowledge_base.go:506.14,508.18 2 1
github.com/sharedcode/joltrin/ai/memory/knowledge_base.go:508.18,510.5 1 0
github.com/sharedcode/joltrin/ai/memory/knowledge_base.go:512.4,513.18 2 1
github.com/sharedcode/joltrin/ai/memory/knowledge_base.go:513.18,515.5 1 0
github.com/sharedcode/joltrin/ai/memory/knowledge_base.go:516.4,517.18 2 1
github.com/sharedcode/joltrin/ai/memory/knowledge_base.go:517.18,519.5 1 0
github.com/sharedcode/joltrin/ai/memory/knowledge_base.go:520.4,520.14 1 1
github.com/sharedcode/joltrin/ai/memory/knowledge_base.go:520.14,522.5 1 0
github.com/sharedcode/joltrin/ai/memory/knowledge_base.go:523.4,524.18 2 1
github.com/sharedcode/joltrin/ai/memory/knowledge_base.go:524.18,526.5 1 0
github.com/sharedcode/joltrin/ai/memory/knowledge_base.go:529.4,529.85 1 1
github.com/sharedcode/joltrin/ai/memory/knowledge_base.go:529.85,531.62 2 1
github.com/sharedcode/joltrin/ai/memory/knowledge_base.go:531.62,535.6 2 1
github.com/sharedcode/joltrin/ai/memory/knowledge_base.go:537.4,537.40 1 1
github.com/sharedcode/joltrin/ai/memory/knowledge_base.go:540.3,553.17 4 1
github.com/sharedcode/joltrin/ai/memory/knowledge_base.go:553.17,555.4 1 0
github.com/sharedcode/joltrin/ai/memory/knowledge_base.go:557.2,557.12 1 1
github.com/sharedcode/joltrin/ai/memory/knowledge_base.go:570.9,572.19 2 0
github.com/sharedcode/joltrin/ai/memory/knowledge_base.go:572.19,574.3 1 0
github.com/sharedcode/joltrin/ai/memory/knowledge_base.go:575.2,575.137 1 0
github.com/sharedcode/joltrin/ai/memory/knowledge_base.go:579.74,580.51 1 1
github.com/sharedcode/joltrin/ai/memory/knowledge_base.go:580.51,582.3 1 0
github.com/sharedcode/joltrin/ai/memory/knowledge_base.go:583.2,583.12 1 1
github.com/sharedcode/joltrin/ai/memory/knowledge_base.go:586.71,588.19 2 1
github.com/sharedcode/joltrin/ai/memory/knowledge_base.go:588.19,590.3 1 0
github.com/sharedcode/joltrin/ai/memory/knowledge_base.go:592.2,593.16 2 1
github.com/sharedcode/joltrin/ai/memory/knowledge_base.go:593.16,595.3 1 0
github.com/sharedcode/joltrin/ai/memory/knowledge_base.go:597.2,598.22 2 1
github.com/sharedcode/joltrin/ai/memory/knowledge_base.go:598.22,600.3 1 0
github.com/sharedcode/joltrin/ai/memory/knowledge_base.go:601.2,601.40 1 1
github.com/sharedcode/joltrin/ai/memory/knowledge_base.go:601.40,604.3 2 1
github.com/sharedcode/joltrin/ai/memory/knowledge_base.go:606.2,607.56 2 1
github.com/sharedcode/joltrin/ai/memory/knowledge_base.go:607.56,609.3 1 0
github.com/sharedcode/joltrin/ai/memory/knowledge_base.go:610.2,610.15 1 1
github.com/sharedcode/joltrin/ai/memory/knowledge_base.go:613.69,615.16 2 0
github.com/sharedcode/joltrin/ai/memory/knowledge_base.go:615.16,617.3 1 0
github.com/sharedcode/joltrin/ai/memory/knowledge_base.go:619.2,620.43 2 0
github.com/sharedcode/joltrin/ai/memory/knowledge_base.go:620.43,622.58 2 0
github.com/sharedcode/joltrin/ai/memory/knowledge_base.go:622.58,624.4 1 0
github.com/sharedcode/joltrin/ai/memory/knowledge_base.go:627.2,628.52 2 0
github.com/sharedcode/joltrin/ai/memory/knowledge_base.go:628.52,630.3 1 0
github.com/sharedcode/joltrin/ai/memory/knowledge_base.go:631.2,631.54 1 0
github.com/sharedcode/joltrin/ai/memory/knowledge_base.go:631.54,633.3 1 0
github.com/sharedcode/joltrin/ai/memory/knowledge_base.go:634.2,634.18 1 0
github.com/sharedcode/joltrin/ai/memory/knowledge_base.go:638.90,639.27 1 1
github.com/sharedcode/joltrin/ai/memory/knowledge_base.go:639.27,641.3 1 1
github.com/sharedcode/joltrin/ai/memory/knowledge_base.go:643.2,644.16 2 1
github.com/sharedcode/joltrin/ai/memory/knowledge_base.go:644.16,646.3 1 0
github.com/sharedcode/joltrin/ai/memory/knowledge_base.go:648.2,650.16 3 1
github.com/sharedcode/joltrin/ai/memory/knowledge_base.go:650.16,652.3 1 0
github.com/sharedcode/joltrin/ai/memory/knowledge_base.go:653.2,653.12 1 1
github.com/sharedcode/joltrin/ai/memory/knowledge_base.go:653.12,655.3 1 1
github.com/sharedcode/joltrin/ai/memory/knowledge_base.go:657.2,658.16 2 0
github.com/sharedcode/joltrin/ai/memory/knowledge_base.go:658.16,660.3 1 0
github.com/sharedcode/joltrin/ai/memory/knowledge_base.go:662.2,663.16 2 0
github.com/sharedcode/joltrin/ai/memory/knowledge_base.go:663.16,665.3 1 0
github.com/sharedcode/joltrin/ai/memory/knowledge_base.go:667.2,668.17 2 0
github.com/sharedcode/joltrin/ai/memory/knowledge_base.go:672.95,674.16 2 1
github.com/sharedcode/joltrin/ai/memory/knowledge_base.go:674.16,676.3 1 0
github.com/sharedcode/joltrin/ai/memory/knowledge_base.go:678.2,681.16 3 1
github.com/sharedcode/joltrin/ai/memory/knowledge_base.go:681.16,683.3 1 0
github.com/sharedcode/joltrin/ai/memory/knowledge_base.go:685.2,692.16 3 1
github.com/sharedcode/joltrin/ai/memory/knowledge_base.go:692.16,694.3 1 1
github.com/sharedcode/joltrin/ai/memory/knowledge_base.go:695.2,695.12 1 1
github.com/sharedcode/joltrin/ai/memory/knowledge_base.go:700.67,701.36 1 1
github.com/sharedcode/joltrin/ai/memory/knowledge_base.go:701.36,703.3 1 0
github.com/sharedcode/joltrin/ai/memory/knowledge_base.go:704.2,704.32 1 1
github.com/sharedcode/joltrin/ai/memory/knowledge_base.go:704.32,706.3 1 0
github.com/sharedcode/joltrin/ai/memory/knowledge_base.go:708.2,709.16 2 1
github.com/sharedcode/joltrin/ai/memory/knowledge_base.go:709.16,711.3 1 0
github.com/sharedcode/joltrin/ai/memory/knowledge_base.go:712.2,712.16 1 1
github.com/sharedcode/joltrin/ai/memory/knowledge_base.go:712.16,714.3 1 0
github.com/sharedcode/joltrin/ai/memory/knowledge_base.go:716.2,718.16 3 1
github.com/sharedcode/joltrin/ai/memory/knowledge_base.go:718.16,720.3 1 0
github.com/sharedcode/joltrin/ai/memory/knowledge_base.go:721.2,721.16 1 1
github.com/sharedcode/joltrin/ai/memory/knowledge_base.go:721.16,723.3 1 0
github.com/sharedcode/joltrin/ai/memory/knowledge_base.go:725.2,726.16 2 1
github.com/sharedcode/joltrin/ai/memory/knowledge_base.go:726.16,728.3 1 0
github.com/sharedcode/joltrin/ai/memory/knowledge_base.go:729.2,729.21 1 1
github.com/sharedcode/joltrin/ai/memory/knowledge_base.go:729.21,731.3 1 1
github.com/sharedcode/joltrin/ai/memory/knowledge_base.go:732.2,732.12 1 1
github.com/sharedcode/joltrin/ai/memory/knowledge_base.go:737.65,743.26 4 1
github.com/sharedcode/joltrin/ai/memory/knowledge_base.go:743.26,745.3 1 1
github.com/sharedcode/joltrin/ai/memory/knowledge_base.go:746.2,746.44 1 1
github.com/sharedcode/joltrin/ai/memory/knowledge_base_crud.go:62.103,64.16 2 1
github.com/sharedcode/joltrin/ai/memory/knowledge_base_crud.go:64.16,66.3 1 0
github.com/sharedcode/joltrin/ai/memory/knowledge_base_crud.go:67.2,68.16 2 1
github.com/sharedcode/joltrin/ai/memory/knowledge_base_crud.go:68.16,70.3 1 0
github.com/sharedcode/joltrin/ai/memory/knowledge_base_crud.go:72.2,72.27 1 1
github.com/sharedcode/joltrin/ai/memory/knowledge_base_crud.go:72.27,73.24 1 1
github.com/sharedcode/joltrin/ai/memory/knowledge_base_crud.go:73.24,74.12 1 0
github.com/sharedcode/joltrin/ai/memory/knowledge_base_crud.go:77.3,77.38 1 1
github.com/sharedcode/joltrin/ai/memory/knowledge_base_crud.go:77.38,79.13 2 0
github.com/sharedcode/joltrin/ai/memory/knowledge_base_crud.go:79.13,82.5 2 0
github.com/sharedcode/joltrin/ai/memory/knowledge_base_crud.go:85.3,87.35 3 1
github.com/sharedcode/joltrin/ai/memory/knowledge_base_crud.go:87.35,88.23 1 1
github.com/sharedcode/joltrin/ai/memory/knowledge_base_crud.go:88.23,91.5 2 1
github.com/sharedcode/joltrin/ai/memory/knowledge_base_crud.go:93.3,95.28 2 1
github.com/sharedcode/joltrin/ai/memory/knowledge_base_crud.go:95.28,97.4 1 0
github.com/sharedcode/joltrin/ai/memory/knowledge_base_crud.go:99.3,100.12 2 1
github.com/sharedcode/joltrin/ai/memory/knowledge_base_crud.go:100.12,102.18 2 0
github.com/sharedcode/joltrin/ai/memory/knowledge_base_crud.go:102.18,104.5 1 0
github.com/sharedcode/joltrin/ai/memory/knowledge_base_crud.go:105.9,107.18 2 1
github.com/sharedcode/joltrin/ai/memory/knowledge_base_crud.go:107.18,109.5 1 0
github.com/sharedcode/joltrin/ai/memory/knowledge_base_crud.go:112.3,113.17 2 1
github.com/sharedcode/joltrin/ai/memory/knowledge_base_crud.go:113.17,115.4 1 1
github.com/sharedcode/joltrin/ai/memory/knowledge_base_crud.go:116.3,116.17 1 1
github.com/sharedcode/joltrin/ai/memory/knowledge_base_crud.go:116.17,118.17 2 1
github.com/sharedcode/joltrin/ai/memory/knowledge_base_crud.go:118.17,120.19 2 1
github.com/sharedcode/joltrin/ai/memory/knowledge_base_crud.go:120.19,122.6 1 0
github.com/sharedcode/joltrin/ai/memory/knowledge_base_crud.go:123.10,125.19 2 1
github.com/sharedcode/joltrin/ai/memory/knowledge_base_crud.go:125.19,127.6 1 0
github.com/sharedcode/joltrin/ai/memory/knowledge_base_crud.go:131.2,131.12 1 1
github.com/sharedcode/joltrin/ai/memory/knowledge_base_crud.go:134.97,136.16 2 1
github.com/sharedcode/joltrin/ai/memory/knowledge_base_crud.go:136.16,138.3 1 0
github.com/sharedcode/joltrin/ai/memory/knowledge_base_crud.go:139.2,139.33 1 1
github.com/sharedcode/joltrin/ai/memory/knowledge_base_crud.go:139.33,141.17 2 1
github.com/sharedcode/joltrin/ai/memory/knowledge_base_crud.go:141.17,143.4 1 0
github.com/sharedcode/joltrin/ai/memory/knowledge_base_crud.go:145.2,145.12 1 1
github.com/sharedcode/joltrin/ai/memory/knowledge_base_crud.go:148.117,150.16 2 1
github.com/sharedcode/joltrin/ai/memory/knowledge_base_crud.go:150.16,152.3 1 0
github.com/sharedcode/joltrin/ai/memory/knowledge_base_crud.go:154.2,155.29 2 1
github.com/sharedcode/joltrin/ai/memory/knowledge_base_crud.go:155.29,157.3 1 0
github.com/sharedcode/joltrin/ai/memory/knowledge_base_crud.go:157.8,157.62 1 1
github.com/sharedcode/joltrin/ai/memory/knowledge_base_crud.go:157.62,159.17 2 0
github.com/sharedcode/joltrin/ai/memory/knowledge_base_crud.go:159.17,160.72 1 0
github.com/sharedcode/joltrin/ai/memory/knowledge_base_crud.go:160.72,162.5 1 0
github.com/sharedcode/joltrin/ai/memory/knowledge_base_crud.go:166.2,169.16 4 1
github.com/sharedcode/joltrin/ai/memory/knowledge_base_crud.go:169.16,171.3 1 0
github.com/sharedcode/joltrin/ai/memory/knowledge_base_crud.go:173.2,173.9 1 1
github.com/sharedcode/joltrin/ai/memory/knowledge_base_crud.go:173.9,175.17 2 1
github.com/sharedcode/joltrin/ai/memory/knowledge_base_crud.go:175.17,177.31 2 1
github.com/sharedcode/joltrin/ai/memory/knowledge_base_crud.go:177.31,178.32 1 1
github.com/sharedcode/joltrin/ai/memory/knowledge_base_crud.go:178.32,180.6 1 1
github.com/sharedcode/joltrin/ai/memory/knowledge_base_crud.go:181.10,181.36 1 1
github.com/sharedcode/joltrin/ai/memory/knowledge_base_crud.go:181.36,182.37 1 0
github.com/sharedcode/joltrin/ai/memory/knowledge_base_crud.go:182.37,183.36 1 0
github.com/sharedcode/joltrin/ai/memory/knowledge_base_crud.go:183.36,185.12 2 0
github.com/sharedcode/joltrin/ai/memory/knowledge_base_crud.go:188.10,188.63 1 1
github.com/sharedcode/joltrin/ai/memory/knowledge_base_crud.go:188.63,190.5 1 1
github.com/sharedcode/joltrin/ai/memory/knowledge_base_crud.go:191.4,191.15 1 1
github.com/sharedcode/joltrin/ai/memory/knowledge_base_crud.go:191.15,192.76 1 1
github.com/sharedcode/joltrin/ai/memory/knowledge_base_crud.go:192.76,194.6 1 1
github.com/sharedcode/joltrin/ai/memory/knowledge_base_crud.go:195.5,195.17 1 1
github.com/sharedcode/joltrin/ai/memory/knowledge_base_crud.go:198.3,198.29 1 1
github.com/sharedcode/joltrin/ai/memory/knowledge_base_crud.go:200.2,200.23 1 1
github.com/sharedcode/joltrin/ai/memory/knowledge_base_crud.go:200.23,202.3 1 0
github.com/sharedcode/joltrin/ai/memory/knowledge_base_crud.go:203.2,203.36 1 1
github.com/sharedcode/joltrin/ai/memory/knowledge_base_crud.go:206.97,208.16 2 1
github.com/sharedcode/joltrin/ai/memory/knowledge_base_crud.go:208.16,210.3 1 0
github.com/sharedcode/joltrin/ai/memory/knowledge_base_crud.go:211.2,212.16 2 1
github.com/sharedcode/joltrin/ai/memory/knowledge_base_crud.go:212.16,214.3 1 0
github.com/sharedcode/joltrin/ai/memory/knowledge_base_crud.go:216.2,216.27 1 1
github.com/sharedcode/joltrin/ai/memory/knowledge_base_crud.go:216.27,217.20 1 1
github.com/sharedcode/joltrin/ai/memory/knowledge_base_crud.go:217.20,218.12 1 0
github.com/sharedcode/joltrin/ai/memory/knowledge_base_crud.go:221.3,222.27 2 1
github.com/sharedcode/joltrin/ai/memory/knowledge_base_crud.go:222.27,223.70 1 0
github.com/sharedcode/joltrin/ai/memory/knowledge_base_crud.go:223.70,225.5 1 0
github.com/sharedcode/joltrin/ai/memory/knowledge_base_crud.go:228.3,228.20 1 1
github.com/sharedcode/joltrin/ai/memory/knowledge_base_crud.go:228.20,229.12 1 0
github.com/sharedcode/joltrin/ai/memory/knowledge_base_crud.go:231.3,231.24 1 1
github.com/sharedcode/joltrin/ai/memory/knowledge_base_crud.go:231.24,233.4 1 0
github.com/sharedcode/joltrin/ai/memory/knowledge_base_crud.go:235.3,237.12 3 1
github.com/sharedcode/joltrin/ai/memory/knowledge_base_crud.go:237.12,239.4 1 0
github.com/sharedcode/joltrin/ai/memory/knowledge_base_crud.go:239.9,241.4 1 1
github.com/sharedcode/joltrin/ai/memory/knowledge_base_crud.go:243.2,243.12 1 1
github.com/sharedcode/joltrin/ai/memory/knowledge_base_crud.go:246.88,248.16 2 1
github.com/sharedcode/joltrin/ai/memory/knowledge_base_crud.go:248.16,250.3 1 0
github.com/sharedcode/joltrin/ai/memory/knowledge_base_crud.go:251.2,251.31 1 1
github.com/sharedcode/joltrin/ai/memory/knowledge_base_crud.go:251.31,253.3 1 1
github.com/sharedcode/joltrin/ai/memory/knowledge_base_crud.go:254.2,254.12 1 1
github.com/sharedcode/joltrin/ai/memory/knowledge_base_crud.go:257.106,259.16 2 1
github.com/sharedcode/joltrin/ai/memory/knowledge_base_crud.go:259.16,261.3 1 0
github.com/sharedcode/joltrin/ai/memory/knowledge_base_crud.go:263.2,264.31 2 1
github.com/sharedcode/joltrin/ai/memory/knowledge_base_crud.go:264.31,266.3 1 0
github.com/sharedcode/joltrin/ai/memory/knowledge_base_crud.go:266.8,266.37 1 1
github.com/sharedcode/joltrin/ai/memory/knowledge_base_crud.go:266.37,268.17 2 1
github.com/sharedcode/joltrin/ai/memory/knowledge_base_crud.go:268.17,269.74 1 1
github.com/sharedcode/joltrin/ai/memory/knowledge_base_crud.go:269.74,271.5 1 1
github.com/sharedcode/joltrin/ai/memory/knowledge_base_crud.go:275.2,284.29 7 1
github.com/sharedcode/joltrin/ai/memory/knowledge_base_crud.go:284.29,286.10 2 1
github.com/sharedcode/joltrin/ai/memory/knowledge_base_crud.go:286.10,288.27 2 1
github.com/sharedcode/joltrin/ai/memory/knowledge_base_crud.go:288.27,289.49 1 1
github.com/sharedcode/joltrin/ai/memory/knowledge_base_crud.go:289.49,291.6 1 1
github.com/sharedcode/joltrin/ai/memory/knowledge_base_crud.go:291.11,291.66 1 0
github.com/sharedcode/joltrin/ai/memory/knowledge_base_crud.go:291.66,293.6 1 0
github.com/sharedcode/joltrin/ai/memory/knowledge_base_crud.go:298.2,298.9 1 1
github.com/sharedcode/joltrin/ai/memory/knowledge_base_crud.go:298.9,300.25 2 1
github.com/sharedcode/joltrin/ai/memory/knowledge_base_crud.go:300.25,301.9 1 0
github.com/sharedcode/joltrin/ai/memory/knowledge_base_crud.go:303.3,303.74 1 1
github.com/sharedcode/joltrin/ai/memory/knowledge_base_crud.go:303.74,304.9 1 0
github.com/sharedcode/joltrin/ai/memory/knowledge_base_crud.go:306.3,306.73 1 1
github.com/sharedcode/joltrin/ai/memory/knowledge_base_crud.go:306.73,307.75 1 1
github.com/sharedcode/joltrin/ai/memory/knowledge_base_crud.go:307.75,310.5 2 1
github.com/sharedcode/joltrin/ai/memory/knowledge_base_crud.go:311.4,312.72 2 1
github.com/sharedcode/joltrin/ai/memory/knowledge_base_crud.go:312.72,313.10 1 1
github.com/sharedcode/joltrin/ai/memory/knowledge_base_crud.go:316.3,316.30 1 1
github.com/sharedcode/joltrin/ai/memory/knowledge_base_crud.go:319.2,319.18 1 1
github.com/sharedcode/joltrin/ai/memory/knowledge_base_crud.go:319.18,321.3 1 0
github.com/sharedcode/joltrin/ai/memory/knowledge_base_crud.go:322.2,322.29 1 1
github.com/sharedcode/joltrin/ai/memory/knowledge_base_crud.go:322.29,324.3 1 1
github.com/sharedcode/joltrin/ai/memory/knowledge_base_crud.go:325.2,325.31 1 1
github.com/sharedcode/joltrin/ai/memory/knowledge_base_crud.go:328.74,329.49 1 1
github.com/sharedcode/joltrin/ai/memory/knowledge_base_crud.go:329.49,331.3 1 1
github.com/sharedcode/joltrin/ai/memory/knowledge_base_crud.go:332.2,332.56 1 0
github.com/sharedcode/joltrin/ai/memory/knowledge_base_crud.go:332.56,334.3 1 0
github.com/sharedcode/joltrin/ai/memory/knowledge_base_crud.go:335.2,335.51 1 0
github.com/sharedcode/joltrin/ai/memory/knowledge_base_crud.go:338.79,340.2 1 0
github.com/sharedcode/joltrin/ai/memory/knowledge_base_crud.go:342.85,343.66 1 1
github.com/sharedcode/joltrin/ai/memory/knowledge_base_crud.go:343.66,345.3 1 0
github.com/sharedcode/joltrin/ai/memory/knowledge_base_crud.go:347.2,348.20 2 1
github.com/sharedcode/joltrin/ai/memory/knowledge_base_crud.go:348.20,350.3 1 0
github.com/sharedcode/joltrin/ai/memory/knowledge_base_crud.go:352.2,353.16 2 1
github.com/sharedcode/joltrin/ai/memory/knowledge_base_crud.go:353.16,355.3 1 0
github.com/sharedcode/joltrin/ai/memory/knowledge_base_crud.go:356.2,357.16 2 1
github.com/sharedcode/joltrin/ai/memory/knowledge_base_crud.go:357.16,359.3 1 0
github.com/sharedcode/joltrin/ai/memory/knowledge_base_crud.go:361.2,362.16 2 1
github.com/sharedcode/joltrin/ai/memory/knowledge_base_crud.go:362.16,364.3 1 0
github.com/sharedcode/joltrin/ai/memory/knowledge_base_crud.go:365.2,365.16 1 1
github.com/sharedcode/joltrin/ai/memory/knowledge_base_crud.go:365.16,367.3 1 1
github.com/sharedcode/joltrin/ai/memory/knowledge_base_crud.go:369.2,370.66 2 1
github.com/sharedcode/joltrin/ai/memory/knowledge_base_crud.go:370.66,372.3 1 0
github.com/sharedcode/joltrin/ai/memory/knowledge_base_crud.go:373.2,373.18 1 1
github.com/sharedcode/joltrin/ai/memory/knowledge_base_crud.go:373.18,375.17 2 0
github.com/sharedcode/joltrin/ai/memory/knowledge_base_crud.go:375.17,377.4 1 0
github.com/sharedcode/joltrin/ai/memory/knowledge_base_crud.go:378.3,378.10 1 0
github.com/sharedcode/joltrin/ai/memory/knowledge_base_crud.go:378.10,380.18 2 0
github.com/sharedcode/joltrin/ai/memory/knowledge_base_crud.go:380.18,382.5 1 0
github.com/sharedcode/joltrin/ai/memory/knowledge_base_crud.go:383.4,383.18 1 0
github.com/sharedcode/joltrin/ai/memory/knowledge_base_crud.go:383.18,384.10 1 0
github.com/sharedcode/joltrin/ai/memory/knowledge_base_crud.go:386.4,387.98 2 0
github.com/sharedcode/joltrin/ai/memory/knowledge_base_crud.go:387.98,389.10 2 0
github.com/sharedcode/joltrin/ai/memory/knowledge_base_crud.go:391.4,392.18 2 0
github.com/sharedcode/joltrin/ai/memory/knowledge_base_crud.go:392.18,394.5 1 0
github.com/sharedcode/joltrin/ai/memory/knowledge_base_crud.go:397.2,397.18 1 1
github.com/sharedcode/joltrin/ai/memory/knowledge_base_crud.go:397.18,399.3 1 0
github.com/sharedcode/joltrin/ai/memory/knowledge_base_crud.go:401.2,401.50 1 1
github.com/sharedcode/joltrin/ai/memory/knowledge_base_crud.go:401.50,403.19 2 0
github.com/sharedcode/joltrin/ai/memory/knowledge_base_crud.go:403.19,405.4 1 0
github.com/sharedcode/joltrin/ai/memory/knowledge_base_crud.go:406.3,406.19 1 0
github.com/sharedcode/joltrin/ai/memory/knowledge_base_crud.go:406.19,408.18 2 0
github.com/sharedcode/joltrin/ai/memory/knowledge_base_crud.go:408.18,410.5 1 0
github.com/sharedcode/joltrin/ai/memory/knowledge_base_crud.go:411.4,411.50 1 0
github.com/sharedcode/joltrin/ai/memory/knowledge_base_crud.go:411.50,414.5 2 0
github.com/sharedcode/joltrin/ai/memory/knowledge_base_crud.go:418.2,418.73 1 1
github.com/sharedcode/joltrin/ai/memory/knowledge_base_crud.go:418.73,419.48 1 0
github.com/sharedcode/joltrin/ai/memory/knowledge_base_crud.go:419.48,421.4 1 0
github.com/sharedcode/joltrin/ai/memory/knowledge_base_crud.go:424.2,427.16 4 1
github.com/sharedcode/joltrin/ai/memory/knowledge_base_crud.go:427.16,429.3 1 0
github.com/sharedcode/joltrin/ai/memory/knowledge_base_crud.go:430.2,430.9 1 1
github.com/sharedcode/joltrin/ai/memory/knowledge_base_crud.go:430.9,432.17 2 1
github.com/sharedcode/joltrin/ai/memory/knowledge_base_crud.go:432.17,434.4 1 0
github.com/sharedcode/joltrin/ai/memory/knowledge_base_crud.go:435.3,435.17 1 1
github.com/sharedcode/joltrin/ai/memory/knowledge_base_crud.go:435.17,436.9 1 0
github.com/sharedcode/joltrin/ai/memory/knowledge_base_crud.go:438.3,440.17 3 1
github.com/sharedcode/joltrin/ai/memory/knowledge_base_crud.go:440.17,442.18 2 0
github.com/sharedcode/joltrin/ai/memory/knowledge_base_crud.go:442.18,444.5 1 0
github.com/sharedcode/joltrin/ai/memory/knowledge_base_crud.go:445.4,445.12 1 0
github.com/sharedcode/joltrin/ai/memory/knowledge_base_crud.go:447.3,447.97 1 1
github.com/sharedcode/joltrin/ai/memory/knowledge_base_crud.go:447.97,449.18 2 1
github.com/sharedcode/joltrin/ai/memory/knowledge_base_crud.go:449.18,451.5 1 0
github.com/sharedcode/joltrin/ai/memory/knowledge_base_crud.go:452.4,452.50 1 1
github.com/sharedcode/joltrin/ai/memory/knowledge_base_crud.go:452.50,455.71 3 1
github.com/sharedcode/joltrin/ai/memory/knowledge_base_crud.go:455.71,457.6 1 0
github.com/sharedcode/joltrin/ai/memory/knowledge_base_crud.go:460.3,462.17 3 1
github.com/sharedcode/joltrin/ai/memory/knowledge_base_crud.go:462.17,464.4 1 0
github.com/sharedcode/joltrin/ai/memory/knowledge_base_crud.go:467.2,468.23 2 1
github.com/sharedcode/joltrin/ai/memory/knowledge_base_crud.go:468.23,469.62 1 0
github.com/sharedcode/joltrin/ai/memory/knowledge_base_crud.go:469.62,471.4 1 0
github.com/sharedcode/joltrin/ai/memory/knowledge_base_crud.go:472.3,472.33 1 0
github.com/sharedcode/joltrin/ai/memory/knowledge_base_crud.go:474.2,474.16 1 1
github.com/sharedcode/joltrin/ai/memory/knowledge_base_crud.go:474.16,476.3 1 0
github.com/sharedcode/joltrin/ai/memory/knowledge_base_crud.go:478.2,479.16 2 1
github.com/sharedcode/joltrin/ai/memory/knowledge_base_crud.go:479.16,481.3 1 0
github.com/sharedcode/joltrin/ai/memory/knowledge_base_crud.go:482.2,482.9 1 1
github.com/sharedcode/joltrin/ai/memory/knowledge_base_crud.go:482.9,484.17 2 1
github.com/sharedcode/joltrin/ai/memory/knowledge_base_crud.go:484.17,486.4 1 0
github.com/sharedcode/joltrin/ai/memory/knowledge_base_crud.go:487.3,487.17 1 1
github.com/sharedcode/joltrin/ai/memory/knowledge_base_crud.go:487.17,488.9 1 0
github.com/sharedcode/joltrin/ai/memory/knowledge_base_crud.go:490.3,491.29 2 1
github.com/sharedcode/joltrin/ai/memory/knowledge_base_crud.go:491.29,492.41 1 1
github.com/sharedcode/joltrin/ai/memory/knowledge_base_crud.go:492.41,493.45 1 1
github.com/sharedcode/joltrin/ai/memory/knowledge_base_crud.go:493.45,495.11 2 1
github.com/sharedcode/joltrin/ai/memory/knowledge_base_crud.go:497.5,497.45 1 0
github.com/sharedcode/joltrin/ai/memory/knowledge_base_crud.go:497.45,499.11 2 0
github.com/sharedcode/joltrin/ai/memory/knowledge_base_crud.go:503.3,503.23 1 1
github.com/sharedcode/joltrin/ai/memory/knowledge_base_crud.go:503.23,505.4 1 0
github.com/sharedcode/joltrin/ai/memory/knowledge_base_crud.go:506.3,507.29 2 1
github.com/sharedcode/joltrin/ai/memory/knowledge_base_crud.go:507.29,508.41 1 1
github.com/sharedcode/joltrin/ai/memory/knowledge_base_crud.go:508.41,509.121 1 1
github.com/sharedcode/joltrin/ai/memory/knowledge_base_crud.go:509.121,511.6 1 0
github.com/sharedcode/joltrin/ai/memory/knowledge_base_crud.go:513.9,514.116 1 1
github.com/sharedcode/joltrin/ai/memory/knowledge_base_crud.go:514.116,516.5 1 0
github.com/sharedcode/joltrin/ai/memory/knowledge_base_crud.go:518.3,519.17 2 1
github.com/sharedcode/joltrin/ai/memory/knowledge_base_crud.go:519.17,521.4 1 0
github.com/sharedcode/joltrin/ai/memory/knowledge_base_crud.go:524.2,524.12 1 1
github.com/sharedcode/joltrin/ai/memory/knowledge_base_crud.go:527.94,528.66 1 0
github.com/sharedcode/joltrin/ai/memory/knowledge_base_crud.go:528.66,530.3 1 0
github.com/sharedcode/joltrin/ai/memory/knowledge_base_crud.go:532.2,533.44 2 0
github.com/sharedcode/joltrin/ai/memory/knowledge_base_crud.go:533.44,535.3 1 0
github.com/sharedcode/joltrin/ai/memory/knowledge_base_crud.go:537.2,538.16 2 0
github.com/sharedcode/joltrin/ai/memory/knowledge_base_crud.go:538.16,540.3 1 0
github.com/sharedcode/joltrin/ai/memory/knowledge_base_crud.go:541.2,544.16 3 0
github.com/sharedcode/joltrin/ai/memory/knowledge_base_crud.go:544.16,546.3 1 0
github.com/sharedcode/joltrin/ai/memory/knowledge_base_crud.go:547.2,547.65 1 0
github.com/sharedcode/joltrin/ai/memory/knowledge_base_crud.go:547.65,549.3 1 0
github.com/sharedcode/joltrin/ai/memory/knowledge_base_crud.go:550.2,550.28 1 0
github.com/sharedcode/joltrin/ai/memory/knowledge_base_crud.go:553.105,555.2 1 1
github.com/sharedcode/joltrin/ai/memory/knowledge_base_crud.go:578.108,581.16 3 1
github.com/sharedcode/joltrin/ai/memory/knowledge_base_crud.go:581.16,583.3 1 0
github.com/sharedcode/joltrin/ai/memory/knowledge_base_crud.go:584.2,585.16 2 1
github.com/sharedcode/joltrin/ai/memory/knowledge_base_crud.go:585.16,587.3 1 0
github.com/sharedcode/joltrin/ai/memory/knowledge_base_crud.go:589.2,591.31 2 1
github.com/sharedcode/joltrin/ai/memory/knowledge_base_crud.go:591.31,594.17 3 1
github.com/sharedcode/joltrin/ai/memory/knowledge_base_crud.go:594.17,596.4 1 0
github.com/sharedcode/joltrin/ai/memory/knowledge_base_crud.go:597.3,598.12 2 1
github.com/sharedcode/joltrin/ai/memory/knowledge_base_crud.go:598.12,600.18 2 1
github.com/sharedcode/joltrin/ai/memory/knowledge_base_crud.go:600.18,602.5 1 0
github.com/sharedcode/joltrin/ai/memory/knowledge_base_crud.go:603.9,607.18 3 1
github.com/sharedcode/joltrin/ai/memory/knowledge_base_crud.go:607.18,609.13 2 0
github.com/sharedcode/joltrin/ai/memory/knowledge_base_crud.go:611.4,612.18 2 1
github.com/sharedcode/joltrin/ai/memory/knowledge_base_crud.go:612.18,614.13 2 0
github.com/sharedcode/joltrin/ai/memory/knowledge_base_crud.go:616.4,616.21 1 1
github.com/sharedcode/joltrin/ai/memory/knowledge_base_crud.go:616.21,620.5 2 1
github.com/sharedcode/joltrin/ai/memory/knowledge_base_crud.go:620.10,623.13 2 1
github.com/sharedcode/joltrin/ai/memory/knowledge_base_crud.go:627.3,628.10 2 1
github.com/sharedcode/joltrin/ai/memory/knowledge_base_crud.go:628.10,630.35 2 1
github.com/sharedcode/joltrin/ai/memory/knowledge_base_crud.go:630.35,631.40 1 1
github.com/sharedcode/joltrin/ai/memory/knowledge_base_crud.go:631.40,633.6 1 1
github.com/sharedcode/joltrin/ai/memory/knowledge_base_crud.go:633.11,633.57 1 0
github.com/sharedcode/joltrin/ai/memory/knowledge_base_crud.go:633.57,635.6 1 0
github.com/sharedcode/joltrin/ai/memory/knowledge_base_crud.go:639.3,641.10 3 1
github.com/sharedcode/joltrin/ai/memory/knowledge_base_crud.go:641.10,643.34 2 1
github.com/sharedcode/joltrin/ai/memory/knowledge_base_crud.go:643.34,644.10 1 0
github.com/sharedcode/joltrin/ai/memory/knowledge_base_crud.go:646.4,646.39 1 1
github.com/sharedcode/joltrin/ai/memory/knowledge_base_crud.go:646.39,647.10 1 0
github.com/sharedcode/joltrin/ai/memory/knowledge_base_crud.go:650.4,652.15 3 1
github.com/sharedcode/joltrin/ai/memory/knowledge_base_crud.go:652.15,656.5 3 1
github.com/sharedcode/joltrin/ai/memory/knowledge_base_crud.go:656.10,658.5 1 1
github.com/sharedcode/joltrin/ai/memory/knowledge_base_crud.go:660.4,660.31 1 1
github.com/sharedcode/joltrin/ai/memory/knowledge_base_crud.go:662.3,662.165 1 1
github.com/sharedcode/joltrin/ai/memory/knowledge_base_crud.go:665.2,665.20 1 1
github.com/sharedcode/joltrin/ai/memory/knowledge_base_crud.go:665.20,667.3 1 1
github.com/sharedcode/joltrin/ai/memory/knowledge_base_crud.go:669.2,669.21 1 1
github.com/sharedcode/joltrin/ai/memory/knowledge_base_export.go:34.85,36.16 2 1
github.com/sharedcode/joltrin/ai/memory/knowledge_base_export.go:36.16,38.3 1 0
github.com/sharedcode/joltrin/ai/memory/knowledge_base_export.go:40.2,45.16 4 1
github.com/sharedcode/joltrin/ai/memory/knowledge_base_export.go:45.16,47.3 1 0
github.com/sharedcode/joltrin/ai/memory/knowledge_base_export.go:48.2,50.9 3 1
github.com/sharedcode/joltrin/ai/memory/knowledge_base_export.go:50.9,52.43 2 1
github.com/sharedcode/joltrin/ai/memory/knowledge_base_export.go:52.43,54.18 2 0
github.com/sharedcode/joltrin/ai/memory/knowledge_base_export.go:54.18,56.39 2 0
github.com/sharedcode/joltrin/ai/memory/knowledge_base_export.go:56.39,60.6 3 0
github.com/sharedcode/joltrin/ai/memory/knowledge_base_export.go:62.4,62.9 1 0
github.com/sharedcode/joltrin/ai/memory/knowledge_base_export.go:64.3,64.31 1 1
github.com/sharedcode/joltrin/ai/memory/knowledge_base_export.go:67.2,67.15 1 1
github.com/sharedcode/joltrin/ai/memory/knowledge_base_export.go:67.15,69.3 1 0
github.com/sharedcode/joltrin/ai/memory/knowledge_base_export.go:72.2,76.9 5 1
github.com/sharedcode/joltrin/ai/memory/knowledge_base_export.go:76.9,78.31 2 1
github.com/sharedcode/joltrin/ai/memory/knowledge_base_export.go:78.31,79.17 1 1
github.com/sharedcode/joltrin/ai/memory/knowledge_base_export.go:79.17,81.5 1 1
github.com/sharedcode/joltrin/ai/memory/knowledge_base_export.go:82.4,84.29 3 1
github.com/sharedcode/joltrin/ai/memory/knowledge_base_export.go:86.3,86.29 1 1
github.com/sharedcode/joltrin/ai/memory/knowledge_base_export.go:88.2,94.9 5 1
github.com/sharedcode/joltrin/ai/memory/knowledge_base_export.go:94.9,96.43 2 1
github.com/sharedcode/joltrin/ai/memory/knowledge_base_export.go:96.43,98.31 2 1
github.com/sharedcode/joltrin/ai/memory/knowledge_base_export.go:98.31,100.24 2 1
github.com/sharedcode/joltrin/ai/memory/knowledge_base_export.go:100.24,101.41 1 1
github.com/sharedcode/joltrin/ai/memory/knowledge_base_export.go:101.41,103.14 2 1
github.com/sharedcode/joltrin/ai/memory/knowledge_base_export.go:103.14,106.8 2 1
github.com/sharedcode/joltrin/ai/memory/knowledge_base_export.go:111.4,112.18 2 1
github.com/sharedcode/joltrin/ai/memory/knowledge_base_export.go:112.18,114.5 1 1
github.com/sharedcode/joltrin/ai/memory/knowledge_base_export.go:115.4,124.6 2 1
github.com/sharedcode/joltrin/ai/memory/knowledge_base_export.go:126.3,126.31 1 1
github.com/sharedcode/joltrin/ai/memory/knowledge_base_export.go:129.2,130.12 2 1
github.com/sharedcode/joltrin/ai/memory/knowledge_base_export.go:134.135,139.16 3 1
github.com/sharedcode/joltrin/ai/memory/knowledge_base_export.go:139.16,141.3 1 0
github.com/sharedcode/joltrin/ai/memory/knowledge_base_export.go:142.2,142.54 1 1
github.com/sharedcode/joltrin/ai/memory/knowledge_base_export.go:142.54,144.3 1 0
github.com/sharedcode/joltrin/ai/memory/knowledge_base_export.go:146.2,147.16 2 1
github.com/sharedcode/joltrin/ai/memory/knowledge_base_export.go:147.16,149.3 1 0
github.com/sharedcode/joltrin/ai/memory/knowledge_base_export.go:150.2,151.16 2 1
github.com/sharedcode/joltrin/ai/memory/knowledge_base_export.go:151.16,153.3 1 0
github.com/sharedcode/joltrin/ai/memory/knowledge_base_export.go:154.2,158.21 3 1
github.com/sharedcode/joltrin/ai/memory/knowledge_base_export.go:158.21,160.17 2 1
github.com/sharedcode/joltrin/ai/memory/knowledge_base_export.go:160.17,162.4 1 0
github.com/sharedcode/joltrin/ai/memory/knowledge_base_export.go:163.3,164.10 2 1
github.com/sharedcode/joltrin/ai/memory/knowledge_base_export.go:164.10,166.4 1 0
github.com/sharedcode/joltrin/ai/memory/knowledge_base_export.go:168.3,168.22 1 1
github.com/sharedcode/joltrin/ai/memory/knowledge_base_export.go:168.22,170.54 2 1
github.com/sharedcode/joltrin/ai/memory/knowledge_base_export.go:170.54,172.5 1 0
github.com/sharedcode/joltrin/ai/memory/knowledge_base_export.go:173.4,174.57 2 1
github.com/sharedcode/joltrin/ai/memory/knowledge_base_export.go:174.57,176.5 1 0
github.com/sharedcode/joltrin/ai/memory/knowledge_base_export.go:177.4,177.12 1 1
github.com/sharedcode/joltrin/ai/memory/knowledge_base_export.go:179.3,179.26 1 1
github.com/sharedcode/joltrin/ai/memory/knowledge_base_export.go:179.26,181.45 1 1
github.com/sharedcode/joltrin/ai/memory/knowledge_base_export.go:181.45,183.5 1 0
github.com/sharedcode/joltrin/ai/memory/knowledge_base_export.go:184.4,184.23 1 1
github.com/sharedcode/joltrin/ai/memory/knowledge_base_export.go:184.23,186.46 2 1
github.com/sharedcode/joltrin/ai/memory/knowledge_base_export.go:186.46,188.6 1 0
github.com/sharedcode/joltrin/ai/memory/knowledge_base_export.go:189.5,189.33 1 1
github.com/sharedcode/joltrin/ai/memory/knowledge_base_export.go:189.33,191.6 1 1
github.com/sharedcode/joltrin/ai/memory/knowledge_base_export.go:193.5,195.12 3 1
github.com/sharedcode/joltrin/ai/memory/knowledge_base_export.go:195.12,197.68 2 1
github.com/sharedcode/joltrin/ai/memory/knowledge_base_export.go:197.68,200.12 3 0
github.com/sharedcode/joltrin/ai/memory/knowledge_base_export.go:201.12,201.82 1 1
github.com/sharedcode/joltrin/ai/memory/knowledge_base_export.go:201.82,204.12 3 0
github.com/sharedcode/joltrin/ai/memory/knowledge_base_export.go:206.6,206.32 1 1
github.com/sharedcode/joltrin/ai/memory/knowledge_base_export.go:208.5,208.15 1 1
github.com/sharedcode/joltrin/ai/memory/knowledge_base_export.go:208.15,210.22 2 1
github.com/sharedcode/joltrin/ai/memory/knowledge_base_export.go:210.22,212.7 1 0
github.com/sharedcode/joltrin/ai/memory/knowledge_base_export.go:213.6,214.33 2 1
github.com/sharedcode/joltrin/ai/memory/knowledge_base_export.go:214.33,215.63 1 1
github.com/sharedcode/joltrin/ai/memory/knowledge_base_export.go:215.63,217.8 1 1
github.com/sharedcode/joltrin/ai/memory/knowledge_base_export.go:219.6,221.20 3 1
github.com/sharedcode/joltrin/ai/memory/knowledge_base_export.go:221.20,223.7 1 1
github.com/sharedcode/joltrin/ai/memory/knowledge_base_export.go:224.6,224.20 1 1
github.com/sharedcode/joltrin/ai/memory/knowledge_base_export.go:224.20,226.7 1 1
github.com/sharedcode/joltrin/ai/memory/knowledge_base_export.go:229.4,231.14 3 1
github.com/sharedcode/joltrin/ai/memory/knowledge_base_export.go:231.14,233.17 2 1
github.com/sharedcode/joltrin/ai/memory/knowledge_base_export.go:233.17,234.36 1 1
github.com/sharedcode/joltrin/ai/memory/knowledge_base_export.go:234.36,236.7 1 1
github.com/sharedcode/joltrin/ai/memory/knowledge_base_export.go:238.5,238.34 1 1
github.com/sharedcode/joltrin/ai/memory/knowledge_base_export.go:240.4,240.44 1 1
github.com/sharedcode/joltrin/ai/memory/knowledge_base_export.go:240.44,241.63 1 1
github.com/sharedcode/joltrin/ai/memory/knowledge_base_export.go:241.63,243.23 2 1
github.com/sharedcode/joltrin/ai/memory/knowledge_base_export.go:243.23,244.41 1 1
github.com/sharedcode/joltrin/ai/memory/knowledge_base_export.go:244.41,246.57 2 1
github.com/sharedcode/joltrin/ai/memory/knowledge_base_export.go:246.57,247.38 1 1
github.com/sharedcode/joltrin/ai/memory/knowledge_base_export.go:247.38,249.15 2 0
github.com/sharedcode/joltrin/ai/memory/knowledge_base_export.go:252.8,252.19 1 1
github.com/sharedcode/joltrin/ai/memory/knowledge_base_export.go:252.19,254.9 1 1
github.com/sharedcode/joltrin/ai/memory/knowledge_base_export.go:256.7,256.56 1 1
github.com/sharedcode/joltrin/ai/memory/knowledge_base_export.go:260.4,260.45 1 1
github.com/sharedcode/joltrin/ai/memory/knowledge_base_export.go:260.45,262.5 1 0
github.com/sharedcode/joltrin/ai/memory/knowledge_base_export.go:263.9,263.32 1 1
github.com/sharedcode/joltrin/ai/memory/knowledge_base_export.go:263.32,265.45 1 1
github.com/sharedcode/joltrin/ai/memory/knowledge_base_export.go:265.45,267.5 1 0
github.com/sharedcode/joltrin/ai/memory/knowledge_base_export.go:268.4,268.23 1 1
github.com/sharedcode/joltrin/ai/memory/knowledge_base_export.go:268.23,270.48 2 1
github.com/sharedcode/joltrin/ai/memory/knowledge_base_export.go:270.48,272.6 1 0
github.com/sharedcode/joltrin/ai/memory/knowledge_base_export.go:273.5,273.23 1 1
github.com/sharedcode/joltrin/ai/memory/knowledge_base_export.go:273.23,275.6 1 0
github.com/sharedcode/joltrin/ai/memory/knowledge_base_export.go:276.5,276.61 1 1
github.com/sharedcode/joltrin/ai/memory/knowledge_base_export.go:276.61,278.6 1 0
github.com/sharedcode/joltrin/ai/memory/knowledge_base_export.go:280.4,280.45 1 1
github.com/sharedcode/joltrin/ai/memory/knowledge_base_export.go:280.45,282.5 1 0
github.com/sharedcode/joltrin/ai/memory/knowledge_base_export.go:283.9,283.28 1 1
github.com/sharedcode/joltrin/ai/memory/knowledge_base_export.go:283.28,285.45 1 1
github.com/sharedcode/joltrin/ai/memory/knowledge_base_export.go:285.45,287.5 1 0
github.com/sharedcode/joltrin/ai/memory/knowledge_base_export.go:288.4,289.23 2 1
github.com/sharedcode/joltrin/ai/memory/knowledge_base_export.go:289.23,291.47 2 1
github.com/sharedcode/joltrin/ai/memory/knowledge_base_export.go:291.47,293.6 1 0
github.com/sharedcode/joltrin/ai/memory/knowledge_base_export.go:295.5,295.38 1 1
github.com/sharedcode/joltrin/ai/memory/knowledge_base_export.go:295.38,297.6 1 1
github.com/sharedcode/joltrin/ai/memory/knowledge_base_export.go:299.5,299.37 1 1
github.com/sharedcode/joltrin/ai/memory/knowledge_base_export.go:299.37,300.23 1 0
github.com/sharedcode/joltrin/ai/memory/knowledge_base_export.go:300.23,302.7 1 0
github.com/sharedcode/joltrin/ai/memory/knowledge_base_export.go:307.5,307.84 1 1
github.com/sharedcode/joltrin/ai/memory/knowledge_base_export.go:307.84,308.58 1 0
github.com/sharedcode/joltrin/ai/memory/knowledge_base_export.go:308.58,309.68 1 0
github.com/sharedcode/joltrin/ai/memory/knowledge_base_export.go:309.68,311.28 2 0
github.com/sharedcode/joltrin/ai/memory/knowledge_base_export.go:311.28,313.9 1 0
github.com/sharedcode/joltrin/ai/memory/knowledge_base_export.go:315.7,315.77 1 0
github.com/sharedcode/joltrin/ai/memory/knowledge_base_export.go:315.77,317.28 2 0
github.com/sharedcode/joltrin/ai/memory/knowledge_base_export.go:317.28,319.9 1 0
github.com/sharedcode/joltrin/ai/memory/knowledge_base_export.go:321.7,321.33 1 0
github.com/sharedcode/joltrin/ai/memory/knowledge_base_export.go:325.5,325.68 1 1
github.com/sharedcode/joltrin/ai/memory/knowledge_base_export.go:325.68,326.45 1 1
github.com/sharedcode/joltrin/ai/memory/knowledge_base_export.go:326.45,328.7 1 1
github.com/sharedcode/joltrin/ai/memory/knowledge_base_export.go:330.5,341.29 2 1
github.com/sharedcode/joltrin/ai/memory/knowledge_base_export.go:341.29,342.70 1 1
github.com/sharedcode/joltrin/ai/memory/knowledge_base_export.go:342.70,344.7 1 0
github.com/sharedcode/joltrin/ai/memory/knowledge_base_export.go:345.6,345.29 1 1
github.com/sharedcode/joltrin/ai/memory/knowledge_base_export.go:348.4,348.45 1 1
github.com/sharedcode/joltrin/ai/memory/knowledge_base_export.go:348.45,350.5 1 0
github.com/sharedcode/joltrin/ai/memory/knowledge_base_export.go:353.4,353.25 1 1
github.com/sharedcode/joltrin/ai/memory/knowledge_base_export.go:353.25,354.69 1 1
github.com/sharedcode/joltrin/ai/memory/knowledge_base_export.go:354.69,356.6 1 0
github.com/sharedcode/joltrin/ai/memory/knowledge_base_export.go:358.9,362.4 2 0
github.com/sharedcode/joltrin/ai/memory/knowledge_base_export.go:365.2,365.43 1 1
github.com/sharedcode/joltrin/ai/memory/knowledge_base_export.go:365.43,367.3 1 0
github.com/sharedcode/joltrin/ai/memory/knowledge_base_export.go:368.2,368.61 1 1
github.com/sharedcode/joltrin/ai/memory/knowledge_base_export.go:368.61,371.25 3 1
github.com/sharedcode/joltrin/ai/memory/knowledge_base_export.go:371.25,373.4 1 1
github.com/sharedcode/joltrin/ai/memory/knowledge_base_export.go:374.3,374.25 1 1
github.com/sharedcode/joltrin/ai/memory/knowledge_base_export.go:376.2,376.12 1 1
github.com/sharedcode/joltrin/ai/memory/manager.go:24.112,32.2 1 1
github.com/sharedcode/joltrin/ai/memory/manager.go:35.118,37.26 2 0
github.com/sharedcode/joltrin/ai/memory/manager.go:37.26,39.3 1 0
github.com/sharedcode/joltrin/ai/memory/manager.go:39.8,41.3 1 0
github.com/sharedcode/joltrin/ai/memory/manager.go:42.2,44.16 3 0
github.com/sharedcode/joltrin/ai/memory/manager.go:44.16,46.3 1 0
github.com/sharedcode/joltrin/ai/memory/manager.go:47.2,47.41 1 0
github.com/sharedcode/joltrin/ai/memory/manager.go:51.125,52.21 1 1
github.com/sharedcode/joltrin/ai/memory/manager.go:52.21,54.3 1 0
github.com/sharedcode/joltrin/ai/memory/manager.go:55.2,56.26 2 1
github.com/sharedcode/joltrin/ai/memory/manager.go:56.26,58.3 1 1
github.com/sharedcode/joltrin/ai/memory/manager.go:58.8,60.3 1 1
github.com/sharedcode/joltrin/ai/memory/manager.go:61.2,61.26 1 1
github.com/sharedcode/joltrin/ai/memory/manager.go:61.26,63.3 1 1
github.com/sharedcode/joltrin/ai/memory/manager.go:65.2,67.16 3 1
github.com/sharedcode/joltrin/ai/memory/manager.go:67.16,69.3 1 1
github.com/sharedcode/joltrin/ai/memory/manager.go:71.2,74.26 4 1
github.com/sharedcode/joltrin/ai/memory/manager.go:74.26,75.33 1 1
github.com/sharedcode/joltrin/ai/memory/manager.go:75.33,77.4 1 1
github.com/sharedcode/joltrin/ai/memory/manager.go:80.2,80.31 1 1
github.com/sharedcode/joltrin/ai/memory/manager.go:80.31,82.3 1 0
github.com/sharedcode/joltrin/ai/memory/manager.go:83.2,83.30 1 1
github.com/sharedcode/joltrin/ai/memory/manager.go:83.30,85.3 1 0
github.com/sharedcode/joltrin/ai/memory/manager.go:86.2,86.20 1 1
github.com/sharedcode/joltrin/ai/memory/manager.go:91.115,93.2 1 1
github.com/sharedcode/joltrin/ai/memory/manager.go:96.103,98.16 2 1
github.com/sharedcode/joltrin/ai/memory/manager.go:98.16,100.3 1 1
github.com/sharedcode/joltrin/ai/memory/manager.go:102.2,102.62 1 1
github.com/sharedcode/joltrin/ai/memory/manager.go:102.62,103.67 1 1
github.com/sharedcode/joltrin/ai/memory/manager.go:103.67,105.4 1 1
github.com/sharedcode/joltrin/ai/memory/manager.go:108.2,109.23 2 1
github.com/sharedcode/joltrin/ai/memory/manager.go:109.23,112.15 2 1
github.com/sharedcode/joltrin/ai/memory/manager.go:112.15,113.63 1 1
github.com/sharedcode/joltrin/ai/memory/manager.go:113.63,115.5 1 1
github.com/sharedcode/joltrin/ai/memory/manager.go:116.4,116.63 1 1
github.com/sharedcode/joltrin/ai/memory/manager.go:116.63,118.5 1 0
github.com/sharedcode/joltrin/ai/memory/manager.go:120.3,120.37 1 1
github.com/sharedcode/joltrin/ai/memory/manager.go:123.2,136.16 6 1
github.com/sharedcode/joltrin/ai/memory/manager.go:136.16,138.3 1 1
github.com/sharedcode/joltrin/ai/memory/manager.go:139.2,139.17 1 1
github.com/sharedcode/joltrin/ai/memory/manager.go:143.66,146.2 1 1
github.com/sharedcode/joltrin/ai/memory/manager.go:149.111,150.18 1 0
github.com/sharedcode/joltrin/ai/memory/manager.go:150.18,152.30 2 0
github.com/sharedcode/joltrin/ai/memory/manager.go:152.30,154.4 1 0
github.com/sharedcode/joltrin/ai/memory/manager.go:155.3,155.18 1 0
github.com/sharedcode/joltrin/ai/memory/manager.go:157.2,157.24 1 0
github.com/sharedcode/joltrin/ai/memory/manager.go:157.24,159.3 1 0
github.com/sharedcode/joltrin/ai/memory/manager.go:161.2,165.29 4 0
github.com/sharedcode/joltrin/ai/memory/manager.go:165.29,166.20 1 0
github.com/sharedcode/joltrin/ai/memory/manager.go:166.20,168.4 1 0
github.com/sharedcode/joltrin/ai/memory/manager.go:169.3,169.53 1 0
github.com/sharedcode/joltrin/ai/memory/manager.go:172.2,174.16 3 0
github.com/sharedcode/joltrin/ai/memory/manager.go:174.16,176.3 1 0
github.com/sharedcode/joltrin/ai/memory/manager.go:178.2,181.26 3 0
github.com/sharedcode/joltrin/ai/memory/manager.go:181.26,183.14 2 0
github.com/sharedcode/joltrin/ai/memory/manager.go:183.14,184.12 1 0
github.com/sharedcode/joltrin/ai/memory/manager.go:186.3,188.32 3 0
github.com/sharedcode/joltrin/ai/memory/manager.go:188.32,190.103 2 0
github.com/sharedcode/joltrin/ai/memory/manager.go:190.103,194.29 4 0
github.com/sharedcode/joltrin/ai/memory/manager.go:194.29,197.17 3 0
github.com/sharedcode/joltrin/ai/memory/manager.go:197.17,199.7 1 0
github.com/sharedcode/joltrin/ai/memory/manager.go:205.2,205.21 1 0
github.com/sharedcode/joltrin/ai/memory/manager.go:205.21,206.23 1 0
github.com/sharedcode/joltrin/ai/memory/manager.go:206.23,208.4 1 0
github.com/sharedcode/joltrin/ai/memory/manager.go:210.2,210.17 1 0
github.com/sharedcode/joltrin/ai/memory/manager.go:213.101,214.18 1 0
github.com/sharedcode/joltrin/ai/memory/manager.go:214.18,216.3 1 0
github.com/sharedcode/joltrin/ai/memory/manager.go:217.2,220.16 4 0
github.com/sharedcode/joltrin/ai/memory/manager.go:220.16,222.3 1 0
github.com/sharedcode/joltrin/ai/memory/manager.go:223.2,225.26 3 0
github.com/sharedcode/joltrin/ai/memory/manager.go:225.26,226.33 1 0
github.com/sharedcode/joltrin/ai/memory/manager.go:226.33,228.4 1 0
github.com/sharedcode/joltrin/ai/memory/manager.go:230.2,230.19 1 0
github.com/sharedcode/joltrin/ai/memory/manager.go:230.19,232.3 1 0
github.com/sharedcode/joltrin/ai/memory/manager.go:233.2,233.17 1 0
github.com/sharedcode/joltrin/ai/memory/math.go:8.60,9.32 1 1
github.com/sharedcode/joltrin/ai/memory/math.go:9.32,11.3 1 0
github.com/sharedcode/joltrin/ai/memory/math.go:13.2,14.24 2 1
github.com/sharedcode/joltrin/ai/memory/math.go:14.24,16.3 1 1
github.com/sharedcode/joltrin/ai/memory/math.go:18.2,18.48 1 1
github.com/sharedcode/joltrin/ai/memory/math.go:18.48,20.3 1 1
github.com/sharedcode/joltrin/ai/memory/math.go:22.2,22.37 1 1
github.com/sharedcode/joltrin/ai/memory/math.go:26.48,28.32 2 1
github.com/sharedcode/joltrin/ai/memory/math.go:28.32,30.3 1 0
github.com/sharedcode/joltrin/ai/memory/math.go:32.2,33.19 2 1
github.com/sharedcode/joltrin/ai/memory/math.go:33.19,36.3 2 1
github.com/sharedcode/joltrin/ai/memory/math.go:37.2,37.41 1 1
github.com/sharedcode/joltrin/ai/memory/math.go:41.47,43.32 2 1
github.com/sharedcode/joltrin/ai/memory/math.go:43.32,45.3 1 0
github.com/sharedcode/joltrin/ai/memory/math.go:47.2,48.19 2 1
github.com/sharedcode/joltrin/ai/memory/math.go:48.19,52.3 3 1
github.com/sharedcode/joltrin/ai/memory/math.go:53.2,53.24 1 1
github.com/sharedcode/joltrin/ai/memory/math.go:53.24,55.3 1 1
github.com/sharedcode/joltrin/ai/memory/math.go:56.2,56.82 1 1
github.com/sharedcode/joltrin/ai/memory/math.go:61.41,63.32 2 0
github.com/sharedcode/joltrin/ai/memory/math.go:63.32,65.3 1 0
github.com/sharedcode/joltrin/ai/memory/math.go:67.2,68.19 2 0
github.com/sharedcode/joltrin/ai/memory/math.go:68.19,70.3 1 0
github.com/sharedcode/joltrin/ai/memory/math.go:71.2,71.12 1 0
github.com/sharedcode/joltrin/ai/memory/math.go:76.45,78.24 2 1
github.com/sharedcode/joltrin/ai/memory/math.go:78.24,80.3 1 1
github.com/sharedcode/joltrin/ai/memory/math.go:82.2,83.15 2 1
github.com/sharedcode/joltrin/ai/memory/math.go:83.15,85.3 1 0
github.com/sharedcode/joltrin/ai/memory/math.go:87.2,88.24 2 1
github.com/sharedcode/joltrin/ai/memory/math.go:88.24,90.3 1 1
github.com/sharedcode/joltrin/ai/memory/math.go:91.2,91.19 1 1
github.com/sharedcode/joltrin/ai/memory/math.go:96.76,98.64 2 1
github.com/sharedcode/joltrin/ai/memory/math.go:98.64,100.3 1 0
github.com/sharedcode/joltrin/ai/memory/math.go:102.2,103.35 2 1
github.com/sharedcode/joltrin/ai/memory/math.go:103.35,105.3 1 1
github.com/sharedcode/joltrin/ai/memory/math.go:107.2,108.14 2 1
github.com/sharedcode/joltrin/ai/memory/math.go:108.14,110.3 1 1
github.com/sharedcode/joltrin/ai/memory/math.go:112.2,112.41 1 1
github.com/sharedcode/joltrin/ai/memory/math.go:115.43,116.17 1 1
github.com/sharedcode/joltrin/ai/memory/math.go:116.17,118.3 1 0
github.com/sharedcode/joltrin/ai/memory/math.go:119.2,120.24 2 1
github.com/sharedcode/joltrin/ai/memory/math.go:120.24,122.3 1 1
github.com/sharedcode/joltrin/ai/memory/math.go:123.2,124.41 2 1
github.com/sharedcode/joltrin/ai/memory/math.go:127.56,129.32 2 1
github.com/sharedcode/joltrin/ai/memory/math.go:129.32,131.3 1 0
github.com/sharedcode/joltrin/ai/memory/math.go:132.2,132.66 1 1
github.com/sharedcode/joltrin/ai/memory/math.go:132.66,134.3 1 1
github.com/sharedcode/joltrin/ai/memory/math.go:135.2,135.32 1 1
github.com/sharedcode/joltrin/ai/memory/math.go:144.94,145.26 1 0
github.com/sharedcode/joltrin/ai/memory/math.go:145.26,147.3 1 0
github.com/sharedcode/joltrin/ai/memory/math.go:148.2,151.33 3 0
github.com/sharedcode/joltrin/ai/memory/math.go:151.33,152.33 1 0
github.com/sharedcode/joltrin/ai/memory/math.go:152.33,153.12 1 0
github.com/sharedcode/joltrin/ai/memory/math.go:155.3,156.21 2 0
github.com/sharedcode/joltrin/ai/memory/math.go:156.21,159.4 2 0
github.com/sharedcode/joltrin/ai/memory/math.go:161.2,161.25 1 0
github.com/sharedcode/joltrin/ai/memory/math.go:164.85,165.26 1 0
github.com/sharedcode/joltrin/ai/memory/math.go:165.26,167.3 1 0
github.com/sharedcode/joltrin/ai/memory/math.go:168.2,171.28 3 0
github.com/sharedcode/joltrin/ai/memory/math.go:171.28,173.33 2 0
github.com/sharedcode/joltrin/ai/memory/math.go:173.33,174.12 1 0
github.com/sharedcode/joltrin/ai/memory/math.go:176.3,177.21 2 0
github.com/sharedcode/joltrin/ai/memory/math.go:177.21,180.4 2 0
github.com/sharedcode/joltrin/ai/memory/math.go:182.2,182.25 1 0
github.com/sharedcode/joltrin/ai/memory/math.go:186.86,187.26 1 1
github.com/sharedcode/joltrin/ai/memory/math.go:187.26,189.3 1 1
github.com/sharedcode/joltrin/ai/memory/math.go:191.2,192.31 2 1
github.com/sharedcode/joltrin/ai/memory/math.go:192.31,197.3 1 1
github.com/sharedcode/joltrin/ai/memory/math.go:199.2,199.45 1 1
github.com/sharedcode/joltrin/ai/memory/math.go:199.45,201.3 1 1
github.com/sharedcode/joltrin/ai/memory/math.go:203.2,203.25 1 1
github.com/sharedcode/joltrin/ai/memory/math.go:203.25,205.3 1 1
github.com/sharedcode/joltrin/ai/memory/math.go:207.2,208.31 2 1
github.com/sharedcode/joltrin/ai/memory/math.go:208.31,210.3 1 1
github.com/sharedcode/joltrin/ai/memory/math.go:211.2,211.15 1 1
github.com/sharedcode/joltrin/ai/memory/memory_unit.go:35.48,42.2 1 1
github.com/sharedcode/joltrin/ai/memory/memory_unit.go:44.55,45.14 1 1
github.com/sharedcode/joltrin/ai/memory/memory_unit.go:45.14,47.3 1 0
github.com/sharedcode/joltrin/ai/memory/memory_unit.go:48.2,48.58 1 1
github.com/sharedcode/joltrin/ai/memory/memory_unit.go:48.58,50.3 1 1
github.com/sharedcode/joltrin/ai/memory/memory_unit.go:51.2,51.18 1 1
github.com/sharedcode/joltrin/ai/memory/memory_unit.go:51.18,53.3 1 1
github.com/sharedcode/joltrin/ai/memory/memory_unit.go:56.44,57.18 1 0
github.com/sharedcode/joltrin/ai/memory/memory_unit.go:57.18,59.3 1 0
github.com/sharedcode/joltrin/ai/memory/memory_unit.go:60.2,60.24 1 0
github.com/sharedcode/joltrin/ai/memory/memory_unit.go:63.55,65.2 1 0
github.com/sharedcode/joltrin/ai/memory/memory_unit.go:67.51,68.18 1 1
github.com/sharedcode/joltrin/ai/memory/memory_unit.go:68.18,70.3 1 1
github.com/sharedcode/joltrin/ai/memory/memory_unit.go:71.2,71.47 1 0
github.com/sharedcode/joltrin/ai/memory/memory_unit.go:74.60,75.18 1 1
github.com/sharedcode/joltrin/ai/memory/memory_unit.go:75.18,77.3 1 1
github.com/sharedcode/joltrin/ai/memory/memory_unit.go:78.2,78.51 1 0
github.com/sharedcode/joltrin/ai/memory/memory_unit.go:81.50,83.2 1 1
github.com/sharedcode/joltrin/ai/memory/memory_unit.go:85.118,88.18 3 0
github.com/sharedcode/joltrin/ai/memory/memory_unit.go:88.18,90.3 1 0
github.com/sharedcode/joltrin/ai/memory/memory_unit.go:91.2,92.57 2 0
github.com/sharedcode/joltrin/ai/memory/memory_unit.go:92.57,94.3 1 0
github.com/sharedcode/joltrin/ai/memory/memory_unit.go:95.2,95.29 1 0
github.com/sharedcode/joltrin/ai/memory/memory_unit.go:98.45,99.18 1 0
github.com/sharedcode/joltrin/ai/memory/memory_unit.go:99.18,101.3 1 0
github.com/sharedcode/joltrin/ai/memory/memory_unit.go:104.186,110.16 5 0
github.com/sharedcode/joltrin/ai/memory/memory_unit.go:110.16,112.3 1 0
github.com/sharedcode/joltrin/ai/memory/memory_unit.go:113.2,113.17 1 0
github.com/sharedcode/joltrin/ai/memory/memory_unit.go:117.124,121.16 4 0
github.com/sharedcode/joltrin/ai/memory/memory_unit.go:121.16,123.3 1 0
github.com/sharedcode/joltrin/ai/memory/memory_unit.go:123.8,125.3 1 0
github.com/sharedcode/joltrin/ai/memory/memory_unit.go:127.2,129.23 3 0
github.com/sharedcode/joltrin/ai/memory/memory_unit.go:129.23,132.3 2 0
github.com/sharedcode/joltrin/ai/memory/memory_unit.go:135.2,136.21 2 0
github.com/sharedcode/joltrin/ai/memory/memory_unit.go:136.21,138.3 1 0
github.com/sharedcode/joltrin/ai/memory/memory_unit.go:139.2,139.42 1 0
github.com/sharedcode/joltrin/ai/memory/memory_unit.go:139.42,141.24 2 0
github.com/sharedcode/joltrin/ai/memory/memory_unit.go:141.24,143.4 1 0
github.com/sharedcode/joltrin/ai/memory/memory_unit.go:144.3,144.50 1 0
github.com/sharedcode/joltrin/ai/memory/memory_unit.go:147.2,163.9 5 0
github.com/sharedcode/joltrin/ai/memory/memory_unit.go:164.33,165.99 1 0
github.com/sharedcode/joltrin/ai/memory/memory_unit.go:166.10,167.99 1 0
github.com/sharedcode/joltrin/ai/memory/memory_unit.go:173.87,174.21 1 0
github.com/sharedcode/joltrin/ai/memory/memory_unit.go:174.21,176.3 1 0
github.com/sharedcode/joltrin/ai/memory/memory_unit.go:177.2,178.18 2 0
github.com/sharedcode/joltrin/ai/memory/memory_unit.go:178.18,180.3 1 0
github.com/sharedcode/joltrin/ai/memory/memory_unit.go:181.2,182.68 2 0
github.com/sharedcode/joltrin/ai/memory/migration.go:19.107,24.16 3 0
github.com/sharedcode/joltrin/ai/memory/migration.go:24.16,26.3 1 0
github.com/sharedcode/joltrin/ai/memory/migration.go:29.2,32.16 3 0
github.com/sharedcode/joltrin/ai/memory/migration.go:32.16,34.3 1 0
github.com/sharedcode/joltrin/ai/memory/migration.go:36.2,36.8 1 0
github.com/sharedcode/joltrin/ai/memory/migration.go:36.8,37.7 1 0
github.com/sharedcode/joltrin/ai/memory/migration.go:37.7,41.18 4 0
github.com/sharedcode/joltrin/ai/memory/migration.go:41.18,43.5 1 0
github.com/sharedcode/joltrin/ai/memory/migration.go:45.4,58.18 5 0
github.com/sharedcode/joltrin/ai/memory/migration.go:58.18,60.5 1 0
github.com/sharedcode/joltrin/ai/memory/migration.go:62.4,62.54 1 0
github.com/sharedcode/joltrin/ai/memory/migration.go:62.54,64.5 1 0
github.com/sharedcode/joltrin/ai/memory/migration.go:65.4,65.11 1 0
github.com/sharedcode/joltrin/ai/memory/migration.go:65.11,66.10 1 0
github.com/sharedcode/joltrin/ai/memory/migration.go:71.2,75.16 3 0
github.com/sharedcode/joltrin/ai/memory/migration.go:75.16,77.3 1 0
github.com/sharedcode/joltrin/ai/memory/migration.go:79.2,80.16 2 0
github.com/sharedcode/joltrin/ai/memory/migration.go:80.16,82.3 1 0
github.com/sharedcode/joltrin/ai/memory/migration.go:84.2,84.8 1 0
github.com/sharedcode/joltrin/ai/memory/migration.go:84.8,86.7 2 0
github.com/sharedcode/joltrin/ai/memory/migration.go:86.7,91.22 3 0
github.com/sharedcode/joltrin/ai/memory/migration.go:91.22,92.53 1 0
github.com/sharedcode/joltrin/ai/memory/migration.go:92.53,94.6 1 0
github.com/sharedcode/joltrin/ai/memory/migration.go:95.5,95.12 1 0
github.com/sharedcode/joltrin/ai/memory/migration.go:95.12,96.11 1 0
github.com/sharedcode/joltrin/ai/memory/migration.go:98.5,98.13 1 0
github.com/sharedcode/joltrin/ai/memory/migration.go:101.4,102.18 2 0
github.com/sharedcode/joltrin/ai/memory/migration.go:102.18,104.5 1 0
github.com/sharedcode/joltrin/ai/memory/migration.go:107.4,108.18 2 0
github.com/sharedcode/joltrin/ai/memory/migration.go:108.18,110.5 1 0
github.com/sharedcode/joltrin/ai/memory/migration.go:113.4,114.15 2 0
github.com/sharedcode/joltrin/ai/memory/migration.go:114.15,118.5 2 0
github.com/sharedcode/joltrin/ai/memory/migration.go:120.4,135.18 4 0
github.com/sharedcode/joltrin/ai/memory/migration.go:135.18,137.5 1 0
github.com/sharedcode/joltrin/ai/memory/migration.go:139.4,141.52 2 0
github.com/sharedcode/joltrin/ai/memory/migration.go:141.52,143.5 1 0
github.com/sharedcode/joltrin/ai/memory/migration.go:144.4,144.11 1 0
github.com/sharedcode/joltrin/ai/memory/migration.go:144.11,145.10 1 0
github.com/sharedcode/joltrin/ai/memory/migration.go:149.3,149.75 1 0
github.com/sharedcode/joltrin/ai/memory/migration.go:152.2,153.12 2 0
github.com/sharedcode/joltrin/ai/memory/models.go:37.32,38.17 1 0
github.com/sharedcode/joltrin/ai/memory/models.go:38.17,40.3 1 0
github.com/sharedcode/joltrin/ai/memory/models.go:41.2,41.13 1 0
github.com/sharedcode/joltrin/ai/memory/models.go:44.33,46.2 1 0
github.com/sharedcode/joltrin/ai/memory/models.go:48.47,49.17 1 1
github.com/sharedcode/joltrin/ai/memory/models.go:49.17,51.3 1 0
github.com/sharedcode/joltrin/ai/memory/models.go:52.2,52.34 1 1
github.com/sharedcode/joltrin/ai/memory/models.go:55.51,57.46 2 1
github.com/sharedcode/joltrin/ai/memory/models.go:57.46,60.3 2 0
github.com/sharedcode/joltrin/ai/memory/models.go:62.2,63.54 2 1
github.com/sharedcode/joltrin/ai/memory/models.go:63.54,66.3 2 0
github.com/sharedcode/joltrin/ai/memory/models.go:68.2,69.53 2 1
github.com/sharedcode/joltrin/ai/memory/models.go:69.53,72.3 2 1
github.com/sharedcode/joltrin/ai/memory/models.go:74.2,74.69 1 0
github.com/sharedcode/joltrin/ai/memory/models.go:90.38,92.2 1 0
github.com/sharedcode/joltrin/ai/memory/models.go:95.48,96.26 1 0
github.com/sharedcode/joltrin/ai/memory/models.go:96.26,98.3 1 0
github.com/sharedcode/joltrin/ai/memory/models.go:99.2,100.19 2 0
github.com/sharedcode/joltrin/ai/memory/models.go:104.48,105.26 1 0
github.com/sharedcode/joltrin/ai/memory/models.go:105.26,107.3 1 0
github.com/sharedcode/joltrin/ai/memory/models.go:108.2,109.19 2 0
github.com/sharedcode/joltrin/ai/memory/models.go:162.41,164.9 2 1
github.com/sharedcode/joltrin/ai/memory/models.go:164.9,166.3 1 0
github.com/sharedcode/joltrin/ai/memory/models.go:167.2,167.53 1 1
github.com/sharedcode/joltrin/ai/memory/models.go:167.53,169.3 1 1
github.com/sharedcode/joltrin/ai/memory/models.go:170.2,170.35 1 1
github.com/sharedcode/joltrin/ai/memory/models.go:182.45,184.9 2 1
github.com/sharedcode/joltrin/ai/memory/models.go:184.9,186.3 1 0
github.com/sharedcode/joltrin/ai/memory/models.go:188.2,188.49 1 1
github.com/sharedcode/joltrin/ai/memory/models.go:188.49,190.3 1 1
github.com/sharedcode/joltrin/ai/memory/models.go:192.2,192.29 1 1
github.com/sharedcode/joltrin/ai/memory/models.go:192.29,194.3 1 1
github.com/sharedcode/joltrin/ai/memory/models.go:194.8,194.36 1 1
github.com/sharedcode/joltrin/ai/memory/models.go:194.36,196.3 1 1
github.com/sharedcode/joltrin/ai/memory/models.go:198.2,198.27 1 1
github.com/sharedcode/joltrin/ai/memory/preferences.go:18.59,23.2 1 1
github.com/sharedcode/joltrin/ai/memory/preferences.go:26.41,27.24 1 1
github.com/sharedcode/joltrin/ai/memory/preferences.go:27.24,29.3 1 0
github.com/sharedcode/joltrin/ai/memory/preferences.go:30.2,30.27 1 1
github.com/sharedcode/joltrin/ai/memory/stm_store.go:28.63,31.18 3 0
github.com/sharedcode/joltrin/ai/memory/stm_store.go:31.18,33.3 1 0
github.com/sharedcode/joltrin/ai/memory/stm_store.go:34.2,34.19 1 0
github.com/sharedcode/joltrin/ai/memory/stm_store.go:34.19,36.3 1 0
github.com/sharedcode/joltrin/ai/memory/stm_store.go:37.2,37.46 1 0
github.com/sharedcode/joltrin/ai/memory/stm_store.go:40.62,42.17 2 1
github.com/sharedcode/joltrin/ai/memory/stm_store.go:42.17,44.3 1 1
github.com/sharedcode/joltrin/ai/memory/stm_store.go:45.2,45.17 1 1
github.com/sharedcode/joltrin/ai/memory/stm_store.go:45.17,47.3 1 0
github.com/sharedcode/joltrin/ai/memory/stm_store.go:48.2,48.97 1 1
github.com/sharedcode/joltrin/ai/memory/stm_store.go:51.66,53.2 1 1
github.com/sharedcode/joltrin/ai/memory/stm_store.go:55.62,57.17 2 1
github.com/sharedcode/joltrin/ai/memory/stm_store.go:57.17,59.3 1 0
github.com/sharedcode/joltrin/ai/memory/stm_store.go:60.2,60.17 1 1
github.com/sharedcode/joltrin/ai/memory/stm_store.go:60.17,62.3 1 0
github.com/sharedcode/joltrin/ai/memory/stm_store.go:63.2,63.97 1 1
github.com/sharedcode/joltrin/ai/memory/stm_store.go:66.61,68.2 1 1
github.com/sharedcode/joltrin/ai/memory/stm_store.go:70.179,71.51 1 1
github.com/sharedcode/joltrin/ai/memory/stm_store.go:71.51,73.3 1 0
github.com/sharedcode/joltrin/ai/memory/stm_store.go:75.2,80.16 5 1
github.com/sharedcode/joltrin/ai/memory/stm_store.go:80.16,82.3 1 0
github.com/sharedcode/joltrin/ai/memory/stm_store.go:83.2,83.9 1 1
github.com/sharedcode/joltrin/ai/memory/stm_store.go:83.9,85.27 2 1
github.com/sharedcode/joltrin/ai/memory/stm_store.go:85.27,86.9 1 1
github.com/sharedcode/joltrin/ai/memory/stm_store.go:88.3,88.31 1 1
github.com/sharedcode/joltrin/ai/memory/stm_store.go:88.31,90.64 2 1
github.com/sharedcode/joltrin/ai/memory/stm_store.go:90.64,92.5 1 0
github.com/sharedcode/joltrin/ai/memory/stm_store.go:92.10,92.55 1 1
github.com/sharedcode/joltrin/ai/memory/stm_store.go:92.55,94.5 1 1
github.com/sharedcode/joltrin/ai/memory/stm_store.go:94.10,94.44 1 0
github.com/sharedcode/joltrin/ai/memory/stm_store.go:94.44,96.5 1 0
github.com/sharedcode/joltrin/ai/memory/stm_store.go:98.3,99.17 2 1
github.com/sharedcode/joltrin/ai/memory/stm_store.go:99.17,101.4 1 0
github.com/sharedcode/joltrin/ai/memory/stm_store.go:104.2,104.32 1 1
github.com/sharedcode/joltrin/ai/memory/stm_store.go:104.32,105.48 1 1
github.com/sharedcode/joltrin/ai/memory/stm_store.go:105.48,107.4 1 0
github.com/sharedcode/joltrin/ai/memory/stm_store.go:109.2,109.32 1 1
github.com/sharedcode/joltrin/ai/memory/stm_store.go:109.32,110.55 1 1
github.com/sharedcode/joltrin/ai/memory/stm_store.go:110.55,112.4 1 0
github.com/sharedcode/joltrin/ai/memory/stm_store.go:115.2,115.28 1 1
github.com/sharedcode/joltrin/ai/memory/stm_store.go:118.64,119.47 1 1
github.com/sharedcode/joltrin/ai/memory/stm_store.go:120.13,121.21 1 1
github.com/sharedcode/joltrin/ai/memory/stm_store.go:122.11,123.28 1 0
github.com/sharedcode/joltrin/ai/memory/stm_store.go:124.13,125.28 1 0
github.com/sharedcode/joltrin/ai/memory/stm_store.go:126.15,127.28 1 0
github.com/sharedcode/joltrin/ai/memory/stm_store.go:128.15,129.28 1 0
github.com/sharedcode/joltrin/ai/memory/stm_store.go:130.10,131.18 1 0
github.com/sharedcode/joltrin/ai/memory/stm_store.go:135.90,137.2 1 1
github.com/sharedcode/joltrin/ai/memory/stm_store.go:139.57,140.14 1 1
github.com/sharedcode/joltrin/ai/memory/stm_store.go:140.14,142.3 1 0
github.com/sharedcode/joltrin/ai/memory/stm_store.go:143.2,143.38 1 1
github.com/sharedcode/joltrin/ai/memory/stm_store.go:146.51,148.2 1 1
github.com/sharedcode/joltrin/ai/memory/stm_store.go:150.55,152.2 1 1
github.com/sharedcode/joltrin/ai/memory/stm_store.go:154.76,155.14 1 0
github.com/sharedcode/joltrin/ai/memory/stm_store.go:155.14,157.3 1 0
github.com/sharedcode/joltrin/ai/memory/stm_store.go:158.2,158.18 1 0
github.com/sharedcode/joltrin/ai/memory/stm_store.go:161.103,162.14 1 1
github.com/sharedcode/joltrin/ai/memory/stm_store.go:162.14,164.3 1 0
github.com/sharedcode/joltrin/ai/memory/stm_store.go:165.2,165.41 1 1
github.com/sharedcode/joltrin/ai/memory/stm_store.go:165.41,167.3 1 0
github.com/sharedcode/joltrin/ai/memory/stm_store.go:168.2,169.16 2 1
github.com/sharedcode/joltrin/ai/memory/stm_store.go:169.16,171.3 1 0
github.com/sharedcode/joltrin/ai/memory/stm_store.go:172.2,173.16 2 1
github.com/sharedcode/joltrin/ai/memory/stm_store.go:173.16,175.3 1 0
github.com/sharedcode/joltrin/ai/memory/stm_store.go:176.2,178.12 3 1
github.com/sharedcode/joltrin/ai/memory/stm_store.go:181.124,182.14 1 1
github.com/sharedcode/joltrin/ai/memory/stm_store.go:182.14,184.3 1 0
github.com/sharedcode/joltrin/ai/memory/stm_store.go:185.2,186.19 2 1
github.com/sharedcode/joltrin/ai/memory/stm_store.go:189.40,190.14 1 1
github.com/sharedcode/joltrin/ai/memory/stm_store.go:190.14,192.3 1 0
github.com/sharedcode/joltrin/ai/memory/stm_store.go:193.2,194.16 2 1
github.com/sharedcode/joltrin/ai/memory/stm_store.go:197.94,198.14 1 1
github.com/sharedcode/joltrin/ai/memory/stm_store.go:198.14,200.3 1 0
github.com/sharedcode/joltrin/ai/memory/stm_store.go:201.2,201.67 1 1
github.com/sharedcode/joltrin/ai/memory/stm_store.go:204.97,205.53 1 1
github.com/sharedcode/joltrin/ai/memory/stm_store.go:205.53,207.3 1 0
github.com/sharedcode/joltrin/ai/memory/stm_store.go:208.2,209.18 2 1
github.com/sharedcode/joltrin/ai/memory/stm_store.go:209.18,211.3 1 0
github.com/sharedcode/joltrin/ai/memory/stm_store.go:212.2,215.16 3 1
github.com/sharedcode/joltrin/ai/memory/stm_store.go:215.16,217.3 1 0
github.com/sharedcode/joltrin/ai/memory/stm_store.go:218.2,218.9 1 1
github.com/sharedcode/joltrin/ai/memory/stm_store.go:218.9,220.3 1 1
github.com/sharedcode/joltrin/ai/memory/stm_store.go:221.2,222.12 2 1
github.com/sharedcode/joltrin/ai/memory/stm_store.go:225.112,226.69 1 1
github.com/sharedcode/joltrin/ai/memory/stm_store.go:226.69,228.3 1 0
github.com/sharedcode/joltrin/ai/memory/stm_store.go:229.2,229.57 1 1
github.com/sharedcode/joltrin/ai/memory/stm_store.go:229.57,231.3 1 0
[...]
github.com/sharedcode/joltrin/ai/memory/store.go:564.26,566.3 1 1
github.com/sharedcode/joltrin/ai/memory/store.go:567.2,567.33 1 1
github.com/sharedcode/joltrin/ai/memory/store.go:567.33,569.3 1 1
github.com/sharedcode/joltrin/ai/memory/store.go:571.2,573.39 3 1
github.com/sharedcode/joltrin/ai/memory/store.go:573.39,574.47 1 1
github.com/sharedcode/joltrin/ai/memory/store.go:574.47,575.12 1 0
github.com/sharedcode/joltrin/ai/memory/store.go:577.3,578.17 2 1
github.com/sharedcode/joltrin/ai/memory/store.go:578.17,580.4 1 0
github.com/sharedcode/joltrin/ai/memory/store.go:581.3,581.63 1 1
github.com/sharedcode/joltrin/ai/memory/store.go:581.63,582.12 1 0
github.com/sharedcode/joltrin/ai/memory/store.go:584.3,584.30 1 1
github.com/sharedcode/joltrin/ai/memory/store.go:584.30,586.4 1 1
github.com/sharedcode/joltrin/ai/memory/store.go:587.3,587.44 1 1
github.com/sharedcode/joltrin/ai/memory/store.go:590.2,590.34 1 1
github.com/sharedcode/joltrin/ai/memory/store.go:593.144,595.26 2 1
github.com/sharedcode/joltrin/ai/memory/store.go:595.26,598.3 2 0
github.com/sharedcode/joltrin/ai/memory/store.go:599.2,599.22 1 1
github.com/sharedcode/joltrin/ai/memory/store.go:599.22,601.3 1 0
github.com/sharedcode/joltrin/ai/memory/store.go:603.2,613.133 5 1
github.com/sharedcode/joltrin/ai/memory/store.go:613.133,615.3 1 0
github.com/sharedcode/joltrin/ai/memory/store.go:619.2,621.34 3 1
github.com/sharedcode/joltrin/ai/memory/store.go:621.34,623.17 2 1
github.com/sharedcode/joltrin/ai/memory/store.go:623.17,625.4 1 0
github.com/sharedcode/joltrin/ai/memory/store.go:626.3,626.88 1 1
github.com/sharedcode/joltrin/ai/memory/store.go:626.88,627.10 1 1
github.com/sharedcode/joltrin/ai/memory/store.go:627.10,629.5 1 1
github.com/sharedcode/joltrin/ai/memory/store.go:629.10,631.5 1 1
github.com/sharedcode/joltrin/ai/memory/store.go:632.4,632.9 1 1
github.com/sharedcode/joltrin/ai/memory/store.go:634.3,634.14 1 1
github.com/sharedcode/joltrin/ai/memory/store.go:637.2,640.34 4 1
github.com/sharedcode/joltrin/ai/memory/store.go:640.34,642.50 2 1
github.com/sharedcode/joltrin/ai/memory/store.go:642.50,643.9 1 1
github.com/sharedcode/joltrin/ai/memory/store.go:645.3,645.29 1 1
github.com/sharedcode/joltrin/ai/memory/store.go:645.29,646.70 1 1
github.com/sharedcode/joltrin/ai/memory/store.go:646.70,647.19 1 1
github.com/sharedcode/joltrin/ai/memory/store.go:647.19,649.6 1 0
github.com/sharedcode/joltrin/ai/memory/store.go:650.5,650.10 1 1
github.com/sharedcode/joltrin/ai/memory/store.go:652.4,652.12 1 0
github.com/sharedcode/joltrin/ai/memory/store.go:654.3,654.48 1 1
github.com/sharedcode/joltrin/ai/memory/store.go:654.48,655.70 1 0
github.com/sharedcode/joltrin/ai/memory/store.go:655.70,656.19 1 0
github.com/sharedcode/joltrin/ai/memory/store.go:656.19,658.6 1 0
github.com/sharedcode/joltrin/ai/memory/store.go:659.5,659.10 1 0
github.com/sharedcode/joltrin/ai/memory/store.go:661.4,661.12 1 0
github.com/sharedcode/joltrin/ai/memory/store.go:663.3,664.17 2 1
github.com/sharedcode/joltrin/ai/memory/store.go:664.17,666.4 1 0
github.com/sharedcode/joltrin/ai/memory/store.go:667.3,667.12 1 1
github.com/sharedcode/joltrin/ai/memory/store.go:667.12,669.18 2 1
github.com/sharedcode/joltrin/ai/memory/store.go:669.18,671.5 1 0
github.com/sharedcode/joltrin/ai/memory/store.go:672.4,672.18 1 1
github.com/sharedcode/joltrin/ai/memory/store.go:672.18,674.34 2 1
github.com/sharedcode/joltrin/ai/memory/store.go:674.34,676.6 1 1
github.com/sharedcode/joltrin/ai/memory/store.go:677.5,678.72 2 1
github.com/sharedcode/joltrin/ai/memory/store.go:681.3,681.69 1 1
github.com/sharedcode/joltrin/ai/memory/store.go:681.69,682.18 1 1
github.com/sharedcode/joltrin/ai/memory/store.go:682.18,684.5 1 0
github.com/sharedcode/joltrin/ai/memory/store.go:685.4,685.9 1 1
github.com/sharedcode/joltrin/ai/memory/store.go:688.2,688.21 1 1
github.com/sharedcode/joltrin/ai/memory/store.go:688.21,689.42 1 1
github.com/sharedcode/joltrin/ai/memory/store.go:689.42,690.40 1 1
github.com/sharedcode/joltrin/ai/memory/store.go:690.40,692.5 1 1
github.com/sharedcode/joltrin/ai/memory/store.go:693.4,693.42 1 1
github.com/sharedcode/joltrin/ai/memory/store.go:697.2,697.22 1 1
github.com/sharedcode/joltrin/ai/memory/store.go:697.22,699.3 1 0
github.com/sharedcode/joltrin/ai/memory/store.go:700.2,700.31 1 1
github.com/sharedcode/joltrin/ai/memory/store.go:700.31,702.3 1 1
github.com/sharedcode/joltrin/ai/memory/store.go:703.2,703.211 1 1
github.com/sharedcode/joltrin/ai/memory/store.go:703.211,704.22 1 1
github.com/sharedcode/joltrin/ai/memory/store.go:704.22,706.4 1 1
github.com/sharedcode/joltrin/ai/memory/store.go:707.3,707.11 1 1
github.com/sharedcode/joltrin/ai/memory/store.go:709.2,709.22 1 1
github.com/sharedcode/joltrin/ai/memory/store.go:709.22,711.3 1 1
github.com/sharedcode/joltrin/ai/memory/store.go:712.2,712.20 1 1
github.com/sharedcode/joltrin/ai/memory/store.go:715.45,717.27 2 1
github.com/sharedcode/joltrin/ai/memory/store.go:717.27,718.17 1 1
github.com/sharedcode/joltrin/ai/memory/store.go:718.17,720.12 2 0
github.com/sharedcode/joltrin/ai/memory/store.go:722.3,722.37 1 1
github.com/sharedcode/joltrin/ai/memory/store.go:724.2,724.12 1 1
github.com/sharedcode/joltrin/ai/memory/store.go:727.47,729.27 2 1
github.com/sharedcode/joltrin/ai/memory/store.go:729.27,730.17 1 1
github.com/sharedcode/joltrin/ai/memory/store.go:730.17,732.12 2 0
github.com/sharedcode/joltrin/ai/memory/store.go:734.3,734.34 1 1
github.com/sharedcode/joltrin/ai/memory/store.go:736.2,736.14 1 1
github.com/sharedcode/joltrin/ai/memory/store.go:739.61,742.11 3 0
github.com/sharedcode/joltrin/ai/memory/store.go:742.11,744.3 1 0
github.com/sharedcode/joltrin/ai/memory/store.go:745.2,745.11 1 0
github.com/sharedcode/joltrin/ai/memory/store.go:745.11,747.3 1 0
github.com/sharedcode/joltrin/ai/memory/store.go:748.2,748.10 1 0
github.com/sharedcode/joltrin/ai/memory/store.go:751.107,752.17 1 1
github.com/sharedcode/joltrin/ai/memory/store.go:752.17,754.3 1 0
github.com/sharedcode/joltrin/ai/memory/store.go:755.2,757.34 2 1
github.com/sharedcode/joltrin/ai/memory/store.go:757.34,759.21 2 0
github.com/sharedcode/joltrin/ai/memory/store.go:759.21,761.4 1 0
github.com/sharedcode/joltrin/ai/memory/store.go:762.3,764.17 3 0
github.com/sharedcode/joltrin/ai/memory/store.go:764.17,766.4 1 0
github.com/sharedcode/joltrin/ai/memory/store.go:767.3,767.28 1 0
github.com/sharedcode/joltrin/ai/memory/store.go:767.28,769.4 1 0
github.com/sharedcode/joltrin/ai/memory/store.go:770.8,770.36 1 1
github.com/sharedcode/joltrin/ai/memory/store.go:770.36,772.17 2 0
github.com/sharedcode/joltrin/ai/memory/store.go:772.17,774.4 1 0
github.com/sharedcode/joltrin/ai/memory/store.go:775.3,775.9 1 0
github.com/sharedcode/joltrin/ai/memory/store.go:775.9,777.18 2 0
github.com/sharedcode/joltrin/ai/memory/store.go:777.18,779.5 1 0
github.com/sharedcode/joltrin/ai/memory/store.go:780.4,781.18 2 0
github.com/sharedcode/joltrin/ai/memory/store.go:781.18,783.5 1 0
github.com/sharedcode/joltrin/ai/memory/store.go:784.4,784.13 1 0
github.com/sharedcode/joltrin/ai/memory/store.go:784.13,786.5 1 0
github.com/sharedcode/joltrin/ai/memory/store.go:788.3,788.28 1 0
github.com/sharedcode/joltrin/ai/memory/store.go:788.28,790.4 1 0
github.com/sharedcode/joltrin/ai/memory/store.go:791.8,794.17 3 1
github.com/sharedcode/joltrin/ai/memory/store.go:794.17,796.4 1 0
github.com/sharedcode/joltrin/ai/memory/store.go:799.2,799.27 1 1
github.com/sharedcode/joltrin/ai/memory/store.go:799.27,801.3 1 0
github.com/sharedcode/joltrin/ai/memory/store.go:803.2,803.53 1 1
github.com/sharedcode/joltrin/ai/memory/store.go:806.132,807.17 1 1
github.com/sharedcode/joltrin/ai/memory/store.go:807.17,809.3 1 0
github.com/sharedcode/joltrin/ai/memory/store.go:810.2,810.44 1 1
github.com/sharedcode/joltrin/ai/memory/store.go:810.44,812.3 1 0
github.com/sharedcode/joltrin/ai/memory/store.go:814.2,823.16 4 1
github.com/sharedcode/joltrin/ai/memory/store.go:823.16,825.3 1 0
github.com/sharedcode/joltrin/ai/memory/store.go:827.2,832.12 2 1
github.com/sharedcode/joltrin/ai/memory/store.go:832.12,834.54 2 1
github.com/sharedcode/joltrin/ai/memory/store.go:834.54,836.8 1 0
github.com/sharedcode/joltrin/ai/memory/store.go:836.8,838.26 2 0
github.com/sharedcode/joltrin/ai/memory/store.go:838.26,839.11 1 0
github.com/sharedcode/joltrin/ai/memory/store.go:841.5,841.75 1 0
github.com/sharedcode/joltrin/ai/memory/store.go:841.75,842.11 1 0
github.com/sharedcode/joltrin/ai/memory/store.go:848.2,848.6 1 1
github.com/sharedcode/joltrin/ai/memory/store.go:848.6,849.41 1 1
github.com/sharedcode/joltrin/ai/memory/store.go:849.41,850.9 1 0
github.com/sharedcode/joltrin/ai/memory/store.go:853.3,856.49 2 1
github.com/sharedcode/joltrin/ai/memory/store.go:856.49,857.9 1 1
github.com/sharedcode/joltrin/ai/memory/store.go:860.3,860.50 1 1
github.com/sharedcode/joltrin/ai/memory/store.go:860.50,862.18 2 1
github.com/sharedcode/joltrin/ai/memory/store.go:862.18,864.5 1 1
github.com/sharedcode/joltrin/ai/memory/store.go:867.3,868.32 2 1
github.com/sharedcode/joltrin/ai/memory/store.go:868.32,869.9 1 1
github.com/sharedcode/joltrin/ai/memory/store.go:874.2,874.36 1 1
github.com/sharedcode/joltrin/ai/memory/store.go:874.36,877.30 3 1
github.com/sharedcode/joltrin/ai/memory/store.go:877.30,879.18 2 1
github.com/sharedcode/joltrin/ai/memory/store.go:879.18,880.53 1 1
github.com/sharedcode/joltrin/ai/memory/store.go:880.53,882.22 2 1
github.com/sharedcode/joltrin/ai/memory/store.go:882.22,884.7 1 1
github.com/sharedcode/joltrin/ai/memory/store.go:885.6,890.8 1 1
github.com/sharedcode/joltrin/ai/memory/store.go:896.2,896.18 1 1
github.com/sharedcode/joltrin/ai/memory/store.go:896.18,898.34 1 1
github.com/sharedcode/joltrin/ai/memory/store.go:898.34,899.39 1 1
github.com/sharedcode/joltrin/ai/memory/store.go:899.39,900.38 1 1
github.com/sharedcode/joltrin/ai/memory/store.go:900.38,902.6 1 0
github.com/sharedcode/joltrin/ai/memory/store.go:906.2,906.28 1 1
github.com/sharedcode/joltrin/ai/memory/store.go:906.28,908.3 1 0
github.com/sharedcode/joltrin/ai/memory/store.go:909.2,909.18 1 1
github.com/sharedcode/joltrin/ai/memory/store.go:912.62,914.2 1 1
github.com/sharedcode/joltrin/ai/memory/store.go:916.103,918.2 1 1
github.com/sharedcode/joltrin/ai/memory/store.go:920.59,922.2 1 1
github.com/sharedcode/joltrin/ai/memory/store.go:924.113,926.2 1 1
github.com/sharedcode/joltrin/ai/memory/store.go:928.98,930.2 1 1
github.com/sharedcode/joltrin/ai/memory/store.go:932.95,934.2 1 1
github.com/sharedcode/joltrin/ai/memory/store.go:936.64,938.2 1 1
github.com/sharedcode/joltrin/ai/memory/store.go:941.119,943.28 2 0
github.com/sharedcode/joltrin/ai/memory/store.go:943.28,945.17 2 0
github.com/sharedcode/joltrin/ai/memory/store.go:945.17,947.4 1 0
github.com/sharedcode/joltrin/ai/memory/store.go:948.3,948.19 1 0
github.com/sharedcode/joltrin/ai/memory/store.go:950.2,950.21 1 0
github.com/sharedcode/joltrin/ai/memory/store.go:956.109,957.17 1 1
github.com/sharedcode/joltrin/ai/memory/store.go:957.17,959.3 1 0
github.com/sharedcode/joltrin/ai/memory/store.go:961.2,963.34 2 1
github.com/sharedcode/joltrin/ai/memory/store.go:963.34,965.17 2 0
github.com/sharedcode/joltrin/ai/memory/store.go:965.17,967.4 1 0
github.com/sharedcode/joltrin/ai/memory/store.go:968.3,968.23 1 0
github.com/sharedcode/joltrin/ai/memory/store.go:968.23,970.4 1 0
github.com/sharedcode/joltrin/ai/memory/store.go:971.3,971.38 1 0
github.com/sharedcode/joltrin/ai/memory/store.go:971.38,973.4 1 0
github.com/sharedcode/joltrin/ai/memory/store.go:974.8,974.36 1 1
github.com/sharedcode/joltrin/ai/memory/store.go:974.36,976.23 2 0
github.com/sharedcode/joltrin/ai/memory/store.go:976.23,978.18 2 0
github.com/sharedcode/joltrin/ai/memory/store.go:978.18,980.5 1 0
github.com/sharedcode/joltrin/ai/memory/store.go:982.3,982.38 1 0
github.com/sharedcode/joltrin/ai/memory/store.go:982.38,984.4 1 0
github.com/sharedcode/joltrin/ai/memory/store.go:987.2,987.24 1 1
github.com/sharedcode/joltrin/ai/memory/store.go:987.24,989.3 1 0
github.com/sharedcode/joltrin/ai/memory/store.go:991.2,992.16 2 1
github.com/sharedcode/joltrin/ai/memory/store.go:992.16,994.3 1 0
github.com/sharedcode/joltrin/ai/memory/store.go:996.2,997.36 2 1
github.com/sharedcode/joltrin/ai/memory/store.go:997.36,998.33 1 1
github.com/sharedcode/joltrin/ai/memory/store.go:998.33,999.9 1 0
github.com/sharedcode/joltrin/ai/memory/store.go:1002.3,1003.22 2 1
github.com/sharedcode/joltrin/ai/memory/store.go:1003.22,1004.12 1 0
github.com/sharedcode/joltrin/ai/memory/store.go:1006.3,1007.17 2 1
github.com/sharedcode/joltrin/ai/memory/store.go:1007.17,1008.12 1 0
github.com/sharedcode/joltrin/ai/memory/store.go:1010.3,1011.17 2 1
github.com/sharedcode/joltrin/ai/memory/store.go:1011.17,1012.12 1 0
github.com/sharedcode/joltrin/ai/memory/store.go:1014.3,1018.30 5 1
github.com/sharedcode/joltrin/ai/memory/store.go:1018.30,1020.18 2 1
github.com/sharedcode/joltrin/ai/memory/store.go:1020.18,1022.82 1 1
github.com/sharedcode/joltrin/ai/memory/store.go:1022.82,1023.14 1 0
github.com/sharedcode/joltrin/ai/memory/store.go:1026.5,1028.52 3 1
github.com/sharedcode/joltrin/ai/memory/store.go:1028.52,1029.14 1 0
github.com/sharedcode/joltrin/ai/memory/store.go:1034.3,1039.5 1 1
github.com/sharedcode/joltrin/ai/memory/store.go:1041.2,1041.21 1 1
github.com/sharedcode/joltrin/ai/memory/store.go:1045.103,1046.24 1 1
github.com/sharedcode/joltrin/ai/memory/store.go:1046.24,1048.3 1 1
github.com/sharedcode/joltrin/ai/memory/store.go:1050.2,1051.16 2 1
github.com/sharedcode/joltrin/ai/memory/store.go:1051.16,1053.3 1 0
github.com/sharedcode/joltrin/ai/memory/store.go:1055.2,1058.36 3 1
github.com/sharedcode/joltrin/ai/memory/store.go:1058.36,1060.22 2 1
github.com/sharedcode/joltrin/ai/memory/store.go:1060.22,1061.12 1 0
github.com/sharedcode/joltrin/ai/memory/store.go:1063.3,1064.17 2 1
github.com/sharedcode/joltrin/ai/memory/store.go:1064.17,1065.12 1 0
github.com/sharedcode/joltrin/ai/memory/store.go:1067.3,1067.41 1 1
github.com/sharedcode/joltrin/ai/memory/store.go:1067.41,1068.12 1 0
github.com/sharedcode/joltrin/ai/memory/store.go:1070.3,1074.26 3 1
github.com/sharedcode/joltrin/ai/memory/store.go:1074.26,1076.51 2 1
github.com/sharedcode/joltrin/ai/memory/store.go:1076.51,1078.5 1 1
github.com/sharedcode/joltrin/ai/memory/store.go:1082.2,1082.24 1 1
github.com/sharedcode/joltrin/ai/memory/store_categories.go:11.111,13.2 1 1
github.com/sharedcode/joltrin/ai/memory/store_categories.go:18.84,19.14 1 1
github.com/sharedcode/joltrin/ai/memory/store_categories.go:19.14,21.3 1 1
github.com/sharedcode/joltrin/ai/memory/store_categories.go:24.2,24.18 1 1
github.com/sharedcode/joltrin/ai/memory/store_categories.go:24.18,26.3 1 0
github.com/sharedcode/joltrin/ai/memory/store_categories.go:29.2,30.16 2 1
github.com/sharedcode/joltrin/ai/memory/store_categories.go:30.16,32.3 1 0
github.com/sharedcode/joltrin/ai/memory/store_categories.go:34.2,35.16 2 1
github.com/sharedcode/joltrin/ai/memory/store_categories.go:35.16,37.3 1 1
github.com/sharedcode/joltrin/ai/memory/store_categories.go:38.2,38.45 1 1
github.com/sharedcode/joltrin/ai/memory/store_categories.go:38.45,40.3 1 1
github.com/sharedcode/joltrin/ai/memory/store_categories.go:41.2,41.9 1 1
github.com/sharedcode/joltrin/ai/memory/store_categories.go:41.9,43.3 1 1
github.com/sharedcode/joltrin/ai/memory/store_categories.go:48.2,48.26 1 1
github.com/sharedcode/joltrin/ai/memory/store_categories.go:48.26,50.27 2 1
github.com/sharedcode/joltrin/ai/memory/store_categories.go:50.27,52.18 2 1
github.com/sharedcode/joltrin/ai/memory/store_categories.go:52.18,54.5 1 0
github.com/sharedcode/joltrin/ai/memory/store_categories.go:55.4,55.10 1 1
github.com/sharedcode/joltrin/ai/memory/store_categories.go:55.10,57.19 2 1
github.com/sharedcode/joltrin/ai/memory/store_categories.go:57.19,59.6 1 0
github.com/sharedcode/joltrin/ai/memory/store_categories.go:61.5,63.19 3 1
github.com/sharedcode/joltrin/ai/memory/store_categories.go:63.19,65.6 1 0
github.com/sharedcode/joltrin/ai/memory/store_categories.go:70.2,70.18 1 1
github.com/sharedcode/joltrin/ai/memory/store_categories.go:76.112,77.54 1 1
github.com/sharedcode/joltrin/ai/memory/store_categories.go:77.54,79.3 1 1
github.com/sharedcode/joltrin/ai/memory/store_categories.go:82.2,83.16 2 1
github.com/sharedcode/joltrin/ai/memory/store_categories.go:83.16,85.3 1 0
github.com/sharedcode/joltrin/ai/memory/store_categories.go:86.2,86.9 1 1
github.com/sharedcode/joltrin/ai/memory/store_categories.go:86.9,88.3 1 1
github.com/sharedcode/joltrin/ai/memory/store_categories.go:90.2,91.16 2 1
github.com/sharedcode/joltrin/ai/memory/store_categories.go:91.16,93.3 1 0
github.com/sharedcode/joltrin/ai/memory/store_categories.go:96.2,96.39 1 1
github.com/sharedcode/joltrin/ai/memory/store_categories.go:96.39,97.39 1 1
github.com/sharedcode/joltrin/ai/memory/store_categories.go:97.39,100.4 1 1
github.com/sharedcode/joltrin/ai/memory/store_categories.go:104.2,105.16 2 1
github.com/sharedcode/joltrin/ai/memory/store_categories.go:105.16,107.3 1 0
github.com/sharedcode/joltrin/ai/memory/store_categories.go:108.2,108.9 1 1
github.com/sharedcode/joltrin/ai/memory/store_categories.go:108.9,110.3 1 1
github.com/sharedcode/joltrin/ai/memory/store_categories.go:112.2,113.16 2 1
github.com/sharedcode/joltrin/ai/memory/store_categories.go:113.16,115.3 1 0
github.com/sharedcode/joltrin/ai/memory/store_categories.go:118.2,118.41 1 1
github.com/sharedcode/joltrin/ai/memory/store_categories.go:118.41,119.24 1 0
github.com/sharedcode/joltrin/ai/memory/store_categories.go:119.24,121.4 1 0
github.com/sharedcode/joltrin/ai/memory/store_categories.go:125.2,127.16 3 1
github.com/sharedcode/joltrin/ai/memory/store_categories.go:127.16,129.3 1 0
github.com/sharedcode/joltrin/ai/memory/store_categories.go:132.2,133.23 2 1
github.com/sharedcode/joltrin/ai/memory/store_categories.go:133.23,135.3 1 0
github.com/sharedcode/joltrin/ai/memory/store_categories.go:137.2,139.16 3 1
github.com/sharedcode/joltrin/ai/memory/store_categories.go:139.16,141.3 1 0
github.com/sharedcode/joltrin/ai/memory/store_categories.go:143.2,143.12 1 1
github.com/sharedcode/joltrin/ai/memory/store_categories.go:147.119,149.23 2 1
github.com/sharedcode/joltrin/ai/memory/store_categories.go:149.23,151.3 1 0
github.com/sharedcode/joltrin/ai/memory/store_categories.go:152.2,153.16 2 1
github.com/sharedcode/joltrin/ai/memory/store_categories.go:153.16,155.3 1 0
github.com/sharedcode/joltrin/ai/memory/store_categories.go:157.2,157.39 1 1
github.com/sharedcode/joltrin/ai/memory/store_categories.go:157.39,158.43 1 1
github.com/sharedcode/joltrin/ai/memory/store_categories.go:158.43,160.9 2 1
github.com/sharedcode/joltrin/ai/memory/store_categories.go:164.2,165.12 2 1
github.com/sharedcode/joltrin/ai/memory/store_categories.go:168.106,170.2 1 1
github.com/sharedcode/joltrin/ai/memory/store_doc.go:11.101,13.2 1 0
github.com/sharedcode/joltrin/ai/memory/store_doc.go:15.76,16.24 1 1
github.com/sharedcode/joltrin/ai/memory/store_doc.go:16.24,18.3 1 0
github.com/sharedcode/joltrin/ai/memory/store_doc.go:19.2,19.20 1 1
github.com/sharedcode/joltrin/ai/memory/store_doc.go:19.20,21.3 1 0
github.com/sharedcode/joltrin/ai/memory/store_doc.go:22.2,23.12 2 1
github.com/sharedcode/joltrin/ai/memory/store_doc.go:26.85,27.24 1 0
github.com/sharedcode/joltrin/ai/memory/store_doc.go:27.24,29.3 1 0
github.com/sharedcode/joltrin/ai/memory/store_doc.go:30.2,30.16 1 0
github.com/sharedcode/joltrin/ai/memory/store_doc.go:30.16,32.3 1 0
github.com/sharedcode/joltrin/ai/memory/store_doc.go:33.2,34.16 2 0
github.com/sharedcode/joltrin/ai/memory/store_doc.go:34.16,36.3 1 0
github.com/sharedcode/joltrin/ai/memory/store_doc.go:37.2,37.12 1 0
github.com/sharedcode/joltrin/ai/memory/store_doc.go:37.12,39.3 1 0
github.com/sharedcode/joltrin/ai/memory/store_doc.go:40.2,41.16 2 0
github.com/sharedcode/joltrin/ai/memory/store_doc.go:41.16,43.3 1 0
github.com/sharedcode/joltrin/ai/memory/store_doc.go:44.2,44.18 1 0
